2024-01-24 15:14:09,193 :INFO : test_formSubmission :first name is Rahul
2024-01-24 15:14:10,865 :INFO : test_formSubmission :first name is Anshika
2024-01-24 15:14:10,865 :INFO : test_formSubmission :first name is Anshika
2024-01-24 15:14:21,104 :INFO : test_e2e :getting all the card titles
2024-01-24 15:14:21,186 :INFO : test_e2e :iphone X
2024-01-24 15:14:21,209 :INFO : test_e2e :Samsung Note 8
2024-01-24 15:14:21,224 :INFO : test_e2e :Nokia Edge
2024-01-24 15:14:21,238 :INFO : test_e2e :Blackberry
2024-01-24 15:14:21,621 :INFO : test_e2e :Entering country name as ind
2024-01-24 15:14:27,155 :INFO : test_e2e :Text received from application is ×
Success! Thank you! Your order will be delivered in next few weeks :-).
2024-01-24 15:20:35,310 :INFO : test_formSubmission :first name is Rahul
2024-01-24 15:20:36,908 :INFO : test_formSubmission :first name is Anshika
2024-01-24 15:20:36,908 :INFO : test_formSubmission :first name is Anshika
2024-01-24 15:20:52,998 :INFO : test_e2e :getting all the card titles
2024-01-24 15:20:53,112 :INFO : test_e2e :iphone X
2024-01-24 15:20:53,142 :INFO : test_e2e :Samsung Note 8
2024-01-24 15:20:53,169 :INFO : test_e2e :Nokia Edge
2024-01-24 15:20:53,198 :INFO : test_e2e :Blackberry
2024-01-24 15:20:53,824 :INFO : test_e2e :Entering country name as ind
2024-01-24 15:20:59,458 :INFO : test_e2e :Text received from application is ×
Success! Thank you! Your order will be delivered in next few weeks :-).
2024-01-24 15:22:23,740 :INFO : test_formSubmission :first name is Rahul
2024-01-24 15:22:24,976 :INFO : test_formSubmission :first name is Anshika
2024-01-24 15:22:24,976 :INFO : test_formSubmission :first name is Anshika
2024-01-24 15:22:36,347 :INFO : test_e2e :getting all the card titles
2024-01-24 15:22:36,402 :INFO : test_e2e :iphone X
2024-01-24 15:22:36,418 :INFO : test_e2e :Samsung Note 8
2024-01-24 15:22:36,434 :INFO : test_e2e :Nokia Edge
2024-01-24 15:22:36,448 :INFO : test_e2e :Blackberry
2024-01-24 15:22:36,934 :INFO : test_e2e :Entering country name as ind
2024-01-24 15:22:42,697 :INFO : test_e2e :Text received from application is ×
Success! Thank you! Your order will be delivered in next few weeks :-).
2024-01-24 15:25:20,665 :INFO : test_formSubmission :first name is Rahul
2024-01-24 15:25:21,820 :INFO : test_formSubmission :first name is Anshika
2024-01-24 15:25:21,820 :INFO : test_formSubmission :first name is Anshika
2024-01-24 15:25:31,643 :INFO : test_e2e :getting all the card titles
2024-01-24 15:25:31,708 :INFO : test_e2e :iphone X
2024-01-24 15:25:31,732 :INFO : test_e2e :Samsung Note 8
2024-01-24 15:25:31,749 :INFO : test_e2e :Nokia Edge
2024-01-24 15:25:31,765 :INFO : test_e2e :Blackberry
2024-01-24 15:25:32,560 :INFO : test_e2e :Entering country name as ind
2024-01-24 15:25:38,153 :INFO : test_e2e :Text received from application is ×
Success! Thank you! Your order will be delivered in next few weeks :-).
2024-01-24 15:29:37,412 :INFO : test_formSubmission :first name is Rahul
2024-01-24 15:29:38,562 :INFO : test_formSubmission :first name is Anshika
2024-01-24 15:29:38,562 :INFO : test_formSubmission :first name is Anshika
2024-01-24 15:29:50,781 :INFO : test_e2e :getting all the card titles
2024-01-24 15:29:50,841 :INFO : test_e2e :iphone X
2024-01-24 15:29:50,864 :INFO : test_e2e :Samsung Note 8
2024-01-24 15:29:50,884 :INFO : test_e2e :Nokia Edge
2024-01-24 15:29:50,901 :INFO : test_e2e :Blackberry
2024-01-24 15:29:51,300 :INFO : test_e2e :Entering country name as ind
2024-01-24 15:29:57,003 :INFO : test_e2e :Text received from application is ×
Success! Thank you! Your order will be delivered in next few weeks :-).
2024-01-24 15:31:59,232 :INFO : test_formSubmission :first name is Rahul
2024-01-24 15:32:00,469 :INFO : test_formSubmission :first name is Anshika
2024-01-24 15:32:00,469 :INFO : test_formSubmission :first name is Anshika
2024-01-24 15:32:10,651 :INFO : test_e2e :getting all the card titles
2024-01-24 15:32:10,713 :INFO : test_e2e :iphone X
2024-01-24 15:32:10,732 :INFO : test_e2e :Samsung Note 8
2024-01-24 15:32:10,754 :INFO : test_e2e :Nokia Edge
2024-01-24 15:32:10,776 :INFO : test_e2e :Blackberry
2024-01-24 15:32:11,368 :INFO : test_e2e :Entering country name as ind
2024-01-24 15:32:17,009 :INFO : test_e2e :Text received from application is ×
Success! Thank you! Your order will be delivered in next few weeks :-).
2024-01-24 15:35:44,961 :INFO : test_formSubmission :first name is Rahul
2024-01-24 15:35:46,624 :INFO : test_formSubmission :first name is Anshika
2024-01-24 15:35:46,624 :INFO : test_formSubmission :first name is Anshika
2024-01-24 15:35:56,789 :INFO : test_e2e :getting all the card titles
2024-01-24 15:35:56,848 :INFO : test_e2e :iphone X
2024-01-24 15:35:56,863 :INFO : test_e2e :Samsung Note 8
2024-01-24 15:35:56,880 :INFO : test_e2e :Nokia Edge
2024-01-24 15:35:56,895 :INFO : test_e2e :Blackberry
2024-01-24 15:35:57,285 :INFO : test_e2e :Entering country name as ind
2024-01-24 15:36:02,807 :INFO : test_e2e :Text received from application is ×
Success! Thank you! Your order will be delivered in next few weeks :-).
2024-01-24 15:38:37,113 :INFO : test_formSubmission :first name is Rahul
2024-01-24 15:38:38,386 :INFO : test_formSubmission :first name is Anshika
2024-01-24 15:38:38,386 :INFO : test_formSubmission :first name is Anshika
2024-01-24 15:38:49,538 :INFO : test_e2e :getting all the card titles
2024-01-24 15:38:49,599 :INFO : test_e2e :iphone X
2024-01-24 15:38:49,614 :INFO : test_e2e :Samsung Note 8
2024-01-24 15:38:49,631 :INFO : test_e2e :Nokia Edge
2024-01-24 15:38:49,646 :INFO : test_e2e :Blackberry
2024-01-24 15:38:50,066 :INFO : test_e2e :Entering country name as ind
2024-01-24 15:38:55,595 :INFO : test_e2e :Text received from application is ×
Success! Thank you! Your order will be delivered in next few weeks :-).
2024-01-24 15:39:27,091 :INFO : test_formSubmission :first name is Rahul
2024-01-24 15:39:28,237 :INFO : test_formSubmission :first name is Anshika
2024-01-24 15:39:28,237 :INFO : test_formSubmission :first name is Anshika
2024-01-24 15:39:38,141 :INFO : test_e2e :getting all the card titles
2024-01-24 15:39:38,221 :INFO : test_e2e :iphone X
2024-01-24 15:39:38,238 :INFO : test_e2e :Samsung Note 8
2024-01-24 15:39:38,256 :INFO : test_e2e :Nokia Edge
2024-01-24 15:39:38,271 :INFO : test_e2e :Blackberry
2024-01-24 15:39:38,742 :INFO : test_e2e :Entering country name as ind
2024-01-24 15:39:44,360 :INFO : test_e2e :Text received from application is ×
Success! Thank you! Your order will be delivered in next few weeks :-).
2024-01-24 15:41:33,742 :INFO : test_formSubmission :first name is Rahul
2024-01-24 15:41:35,247 :INFO : test_formSubmission :first name is Anshika
2024-01-24 15:41:35,247 :INFO : test_formSubmission :first name is Anshika
2024-01-24 15:41:45,207 :INFO : test_e2e :getting all the card titles
2024-01-24 15:41:45,266 :INFO : test_e2e :iphone X
2024-01-24 15:41:45,283 :INFO : test_e2e :Samsung Note 8
2024-01-24 15:41:45,299 :INFO : test_e2e :Nokia Edge
2024-01-24 15:41:45,314 :INFO : test_e2e :Blackberry
2024-01-24 15:41:45,705 :INFO : test_e2e :Entering country name as ind
2024-01-24 15:41:51,285 :INFO : test_e2e :Text received from application is ×
Success! Thank you! Your order will be delivered in next few weeks :-).
2024-01-24 15:42:24,474 :INFO : test_formSubmission :first name is Rahul
2024-01-24 15:42:25,592 :INFO : test_formSubmission :first name is Anshika
2024-01-24 15:42:25,592 :INFO : test_formSubmission :first name is Anshika
2024-01-24 15:42:35,939 :INFO : test_e2e :getting all the card titles
2024-01-24 15:42:36,057 :INFO : test_e2e :iphone X
2024-01-24 15:42:36,101 :INFO : test_e2e :Samsung Note 8
2024-01-24 15:42:36,135 :INFO : test_e2e :Nokia Edge
2024-01-24 15:42:36,170 :INFO : test_e2e :Blackberry
2024-01-24 15:42:36,586 :INFO : test_e2e :Entering country name as ind
2024-01-24 15:42:42,125 :INFO : test_e2e :Text received from application is ×
Success! Thank you! Your order will be delivered in next few weeks :-).
2024-01-24 15:43:49,279 :INFO : test_formSubmission :first name is Rahul
2024-01-24 15:43:50,429 :INFO : test_formSubmission :first name is Anshika
2024-01-24 15:43:50,429 :INFO : test_formSubmission :first name is Anshika
2024-01-24 15:44:01,388 :INFO : test_e2e :getting all the card titles
2024-01-24 15:44:01,449 :INFO : test_e2e :iphone X
2024-01-24 15:44:01,467 :INFO : test_e2e :Samsung Note 8
2024-01-24 15:44:01,482 :INFO : test_e2e :Nokia Edge
2024-01-24 15:44:01,498 :INFO : test_e2e :Blackberry
2024-01-24 15:44:01,888 :INFO : test_e2e :Entering country name as ind
2024-01-24 15:44:07,490 :INFO : test_e2e :Text received from application is ×
Success! Thank you! Your order will be delivered in next few weeks :-).
2024-01-24 15:46:51,130 :INFO : test_formSubmission :first name is Rahul
2024-01-24 15:46:52,403 :INFO : test_formSubmission :first name is Anshika
2024-01-24 15:46:52,403 :INFO : test_formSubmission :first name is Anshika
2024-01-24 15:47:03,294 :INFO : test_e2e :getting all the card titles
2024-01-24 15:47:03,399 :INFO : test_e2e :iphone X
2024-01-24 15:47:03,445 :INFO : test_e2e :Samsung Note 8
2024-01-24 15:47:03,584 :INFO : test_e2e :Nokia Edge
2024-01-24 15:47:03,603 :INFO : test_e2e :Blackberry
2024-01-24 15:47:04,022 :INFO : test_e2e :Entering country name as ind
2024-01-24 15:47:09,664 :INFO : test_e2e :Text received from application is ×
Success! Thank you! Your order will be delivered in next few weeks :-).
2024-01-24 15:53:54,139 :INFO : test_formSubmission :first name is Rahul
2024-01-24 15:53:55,326 :INFO : test_formSubmission :first name is Anshika
2024-01-24 15:53:55,326 :INFO : test_formSubmission :first name is Anshika
2024-01-24 15:54:05,522 :INFO : test_e2e :getting all the card titles
2024-01-24 15:54:05,586 :INFO : test_e2e :iphone X
2024-01-24 15:54:05,603 :INFO : test_e2e :Samsung Note 8
2024-01-24 15:54:05,622 :INFO : test_e2e :Nokia Edge
2024-01-24 15:54:05,638 :INFO : test_e2e :Blackberry
2024-01-24 15:54:06,018 :INFO : test_e2e :Entering country name as ind
2024-01-24 15:54:11,623 :INFO : test_e2e :Text received from application is ×
Success! Thank you! Your order will be delivered in next few weeks :-).
2024-01-24 15:54:49,362 :INFO : test_formSubmission :first name is Rahul
2024-01-24 15:54:50,555 :INFO : test_formSubmission :first name is Anshika
2024-01-24 15:54:50,555 :INFO : test_formSubmission :first name is Anshika
2024-01-24 15:55:00,318 :INFO : test_e2e :getting all the card titles
2024-01-24 15:55:00,375 :INFO : test_e2e :iphone X
2024-01-24 15:55:00,404 :INFO : test_e2e :Samsung Note 8
2024-01-24 15:55:00,428 :INFO : test_e2e :Nokia Edge
2024-01-24 15:55:00,453 :INFO : test_e2e :Blackberry
2024-01-24 15:55:00,871 :INFO : test_e2e :Entering country name as ind
2024-01-24 15:55:06,695 :INFO : test_e2e :Text received from application is ×
Success! Thank you! Your order will be delivered in next few weeks :-).
2024-01-24 15:56:22,740 :INFO : test_formSubmission :first name is Rahul
2024-01-24 15:56:23,973 :INFO : test_formSubmission :first name is Anshika
2024-01-24 15:56:23,973 :INFO : test_formSubmission :first name is Anshika
2024-01-24 15:56:33,714 :INFO : test_e2e :getting all the card titles
2024-01-24 15:56:34,087 :INFO : test_e2e :iphone X
2024-01-24 15:56:34,105 :INFO : test_e2e :Samsung Note 8
2024-01-24 15:56:34,120 :INFO : test_e2e :Nokia Edge
2024-01-24 15:56:34,135 :INFO : test_e2e :Blackberry
2024-01-24 15:56:34,496 :INFO : test_e2e :Entering country name as ind
2024-01-24 15:56:40,097 :INFO : test_e2e :Text received from application is ×
Success! Thank you! Your order will be delivered in next few weeks :-).
2024-01-24 16:01:40,662 :INFO : test_formSubmission :first name is Rahul
2024-01-24 16:01:41,874 :INFO : test_formSubmission :first name is Anshika
2024-01-24 16:01:41,874 :INFO : test_formSubmission :first name is Anshika
2024-01-24 16:01:51,676 :INFO : test_e2e :getting all the card titles
2024-01-24 16:01:51,737 :INFO : test_e2e :iphone X
2024-01-24 16:01:51,752 :INFO : test_e2e :Samsung Note 8
2024-01-24 16:01:51,772 :INFO : test_e2e :Nokia Edge
2024-01-24 16:01:51,788 :INFO : test_e2e :Blackberry
2024-01-24 16:01:52,242 :INFO : test_e2e :Entering country name as ind
2024-01-24 16:01:57,808 :INFO : test_e2e :Text received from application is ×
Success! Thank you! Your order will be delivered in next few weeks :-).
2024-01-24 16:15:50,620 :INFO : test_formSubmission :first name is Rahul
2024-01-24 16:15:51,988 :INFO : test_formSubmission :first name is Anshika
2024-01-24 16:15:51,988 :INFO : test_formSubmission :first name is Anshika
2024-01-24 16:16:02,706 :INFO : test_e2e :getting all the card titles
2024-01-24 16:16:03,056 :INFO : test_e2e :iphone X
2024-01-24 16:16:03,083 :INFO : test_e2e :Samsung Note 8
2024-01-24 16:16:03,109 :INFO : test_e2e :Nokia Edge
2024-01-24 16:16:03,130 :INFO : test_e2e :Blackberry
2024-01-24 16:16:04,840 :INFO : test_e2e :Entering country name as ind
2024-01-24 16:16:10,662 :INFO : test_e2e :Text received from application is ×
Success! Thank you! Your order will be delivered in next few weeks :-).
2024-01-24 16:26:26,516 :INFO : test_formSubmission :first name is Rahul
2024-01-24 16:26:27,629 :INFO : test_formSubmission :first name is Anshika
2024-01-24 16:26:27,629 :INFO : test_formSubmission :first name is Anshika
2024-01-24 16:26:40,403 :INFO : test_e2e :getting all the card titles
2024-01-24 16:26:40,469 :INFO : test_e2e :iphone X
2024-01-24 16:26:40,484 :INFO : test_e2e :Samsung Note 8
2024-01-24 16:26:40,501 :INFO : test_e2e :Nokia Edge
2024-01-24 16:26:40,515 :INFO : test_e2e :Blackberry
2024-01-24 16:26:41,059 :INFO : test_e2e :Entering country name as ind
2024-01-24 16:26:46,634 :INFO : test_e2e :Text received from application is ×
Success! Thank you! Your order will be delivered in next few weeks :-).
2024-01-24 16:27:13,480 :INFO : test_formSubmission :first name is Rahul
2024-01-24 16:27:14,657 :INFO : test_formSubmission :first name is Anshika
2024-01-24 16:27:14,657 :INFO : test_formSubmission :first name is Anshika
2024-01-24 16:27:24,524 :INFO : test_e2e :getting all the card titles
2024-01-24 16:27:24,588 :INFO : test_e2e :iphone X
2024-01-24 16:27:24,609 :INFO : test_e2e :Samsung Note 8
2024-01-24 16:27:24,629 :INFO : test_e2e :Nokia Edge
2024-01-24 16:27:24,652 :INFO : test_e2e :Blackberry
2024-01-24 16:27:25,061 :INFO : test_e2e :Entering country name as ind
2024-01-24 16:27:30,696 :INFO : test_e2e :Text received from application is ×
Success! Thank you! Your order will be delivered in next few weeks :-).
2024-01-24 16:27:51,149 :INFO : test_formSubmission :first name is Rahul
2024-01-24 16:27:52,468 :INFO : test_formSubmission :first name is Anshika
2024-01-24 16:27:52,468 :INFO : test_formSubmission :first name is Anshika
2024-01-24 16:28:01,787 :INFO : test_e2e :getting all the card titles
2024-01-24 16:28:01,845 :INFO : test_e2e :iphone X
2024-01-24 16:28:01,860 :INFO : test_e2e :Samsung Note 8
2024-01-24 16:28:01,876 :INFO : test_e2e :Nokia Edge
2024-01-24 16:28:01,890 :INFO : test_e2e :Blackberry
2024-01-24 16:28:02,320 :INFO : test_e2e :Entering country name as ind
2024-01-24 16:28:07,989 :INFO : test_e2e :Text received from application is ×
Success! Thank you! Your order will be delivered in next few weeks :-).
2024-01-24 16:28:46,072 :INFO : test_formSubmission :first name is Rahul
2024-01-24 16:28:47,327 :INFO : test_formSubmission :first name is Anshika
2024-01-24 16:28:47,327 :INFO : test_formSubmission :first name is Anshika
2024-01-24 16:28:56,899 :INFO : test_e2e :getting all the card titles
2024-01-24 16:28:57,025 :INFO : test_e2e :iphone X
2024-01-24 16:28:57,052 :INFO : test_e2e :Samsung Note 8
2024-01-24 16:28:57,081 :INFO : test_e2e :Nokia Edge
2024-01-24 16:28:57,106 :INFO : test_e2e :Blackberry
2024-01-24 16:28:57,655 :INFO : test_e2e :Entering country name as ind
2024-01-24 16:29:03,228 :INFO : test_e2e :Text received from application is ×
Success! Thank you! Your order will be delivered in next few weeks :-).
2024-01-24 16:39:28,273 :INFO : test_formSubmission :first name is Rahul
2024-01-24 16:39:29,675 :INFO : test_formSubmission :first name is Anshika
2024-01-24 16:39:29,675 :INFO : test_formSubmission :first name is Anshika
2024-01-24 16:39:39,817 :INFO : test_e2e :getting all the card titles
2024-01-24 16:39:39,923 :INFO : test_e2e :iphone X
2024-01-24 16:39:39,956 :INFO : test_e2e :Samsung Note 8
2024-01-24 16:39:39,984 :INFO : test_e2e :Nokia Edge
2024-01-24 16:39:40,009 :INFO : test_e2e :Blackberry
2024-01-24 16:39:40,805 :INFO : test_e2e :Entering country name as ind
2024-01-24 16:39:46,496 :INFO : test_e2e :Text received from application is ×
Success! Thank you! Your order will be delivered in next few weeks :-).
2024-01-24 16:42:37,405 :INFO : test_formSubmission :first name is Rahul
2024-01-24 16:42:38,543 :INFO : test_formSubmission :first name is Anshika
2024-01-24 16:42:38,543 :INFO : test_formSubmission :first name is Anshika
2024-01-24 16:42:49,273 :INFO : test_e2e :getting all the card titles
2024-01-24 16:42:49,420 :INFO : test_e2e :iphone X
2024-01-24 16:42:49,437 :INFO : test_e2e :Samsung Note 8
2024-01-24 16:42:49,458 :INFO : test_e2e :Nokia Edge
2024-01-24 16:42:49,475 :INFO : test_e2e :Blackberry
2024-01-24 16:42:50,144 :INFO : test_e2e :Entering country name as ind
2024-01-24 16:42:56,283 :INFO : test_e2e :Text received from application is ×
Success! Thank you! Your order will be delivered in next few weeks :-).
2024-01-24 16:43:25,030 :INFO : test_formSubmission :first name is Rahul
2024-01-24 16:43:26,176 :INFO : test_formSubmission :first name is Anshika
2024-01-24 16:43:26,176 :INFO : test_formSubmission :first name is Anshika
2024-01-24 16:43:35,630 :INFO : test_e2e :getting all the card titles
2024-01-24 16:43:35,728 :INFO : test_e2e :iphone X
2024-01-24 16:43:35,760 :INFO : test_e2e :Samsung Note 8
2024-01-24 16:43:35,833 :INFO : test_e2e :Nokia Edge
2024-01-24 16:43:35,860 :INFO : test_e2e :Blackberry
2024-01-24 16:43:36,454 :INFO : test_e2e :Entering country name as ind
2024-01-24 16:43:42,015 :INFO : test_e2e :Text received from application is ×
Success! Thank you! Your order will be delivered in next few weeks :-).
2024-01-24 16:50:04,927 :INFO : test_formSubmission :first name is Rahul
2024-01-24 16:50:06,041 :INFO : test_formSubmission :first name is Anshika
2024-01-24 16:50:06,041 :INFO : test_formSubmission :first name is Anshika
2024-01-24 16:50:15,178 :INFO : test_e2e :getting all the card titles
2024-01-24 16:50:15,252 :INFO : test_e2e :iphone X
2024-01-24 16:50:15,269 :INFO : test_e2e :Samsung Note 8
2024-01-24 16:50:15,284 :INFO : test_e2e :Nokia Edge
2024-01-24 16:50:15,297 :INFO : test_e2e :Blackberry
2024-01-24 16:50:15,670 :INFO : test_e2e :Entering country name as ind
2024-01-24 16:50:21,226 :INFO : test_e2e :Text received from application is ×
Success! Thank you! Your order will be delivered in next few weeks :-).
2024-01-24 16:56:15,158 :INFO : test_formSubmission :first name is Rahul
2024-01-24 16:56:16,299 :INFO : test_formSubmission :first name is Anshika
2024-01-24 16:56:16,299 :INFO : test_formSubmission :first name is Anshika
2024-01-24 16:56:26,138 :INFO : test_e2e :getting all the card titles
2024-01-24 16:56:26,191 :INFO : test_e2e :iphone X
2024-01-24 16:56:26,207 :INFO : test_e2e :Samsung Note 8
2024-01-24 16:56:26,221 :INFO : test_e2e :Nokia Edge
2024-01-24 16:56:26,238 :INFO : test_e2e :Blackberry
2024-01-24 16:56:26,596 :INFO : test_e2e :Entering country name as ind
2024-01-24 16:56:32,183 :INFO : test_e2e :Text received from application is ×
Success! Thank you! Your order will be delivered in next few weeks :-).
2024-01-24 16:58:27,428 :INFO : test_formSubmission :first name is Rahul
2024-01-24 16:58:28,833 :INFO : test_formSubmission :first name is Anshika
2024-01-24 16:58:28,833 :INFO : test_formSubmission :first name is Anshika
2024-01-24 16:58:44,301 :INFO : test_e2e :getting all the card titles
2024-01-24 16:58:44,367 :INFO : test_e2e :iphone X
2024-01-24 16:58:44,383 :INFO : test_e2e :Samsung Note 8
2024-01-24 16:58:44,399 :INFO : test_e2e :Nokia Edge
2024-01-24 16:58:44,415 :INFO : test_e2e :Blackberry
2024-01-24 16:58:44,823 :INFO : test_e2e :Entering country name as ind
2024-01-24 16:58:50,486 :INFO : test_e2e :Text received from application is ×
Success! Thank you! Your order will be delivered in next few weeks :-).
2024-01-24 16:59:26,560 :INFO : test_formSubmission :first name is Rahul
2024-01-24 16:59:28,091 :INFO : test_formSubmission :first name is Anshika
2024-01-24 16:59:28,091 :INFO : test_formSubmission :first name is Anshika
2024-01-24 16:59:37,835 :INFO : test_e2e :getting all the card titles
2024-01-24 16:59:37,896 :INFO : test_e2e :iphone X
2024-01-24 16:59:37,911 :INFO : test_e2e :Samsung Note 8
2024-01-24 16:59:37,931 :INFO : test_e2e :Nokia Edge
2024-01-24 16:59:37,944 :INFO : test_e2e :Blackberry
2024-01-24 16:59:38,340 :INFO : test_e2e :Entering country name as ind
2024-01-24 16:59:43,980 :INFO : test_e2e :Text received from application is ×
Success! Thank you! Your order will be delivered in next few weeks :-).
2024-01-24 17:01:09,548 :INFO : test_formSubmission :first name is Rahul
2024-01-24 17:01:10,939 :INFO : test_formSubmission :first name is Anshika
2024-01-24 17:01:10,939 :INFO : test_formSubmission :first name is Anshika
2024-01-24 17:01:20,520 :INFO : test_e2e :getting all the card titles
2024-01-24 17:01:20,601 :INFO : test_e2e :iphone X
2024-01-24 17:01:20,624 :INFO : test_e2e :Samsung Note 8
2024-01-24 17:01:20,644 :INFO : test_e2e :Nokia Edge
2024-01-24 17:01:20,666 :INFO : test_e2e :Blackberry
2024-01-24 17:01:21,386 :INFO : test_e2e :Entering country name as ind
2024-01-24 17:01:27,213 :INFO : test_e2e :Text received from application is ×
Success! Thank you! Your order will be delivered in next few weeks :-).
2024-01-24 17:02:40,360 :INFO : test_formSubmission :first name is Rahul
2024-01-24 17:02:41,695 :INFO : test_formSubmission :first name is Anshika
2024-01-24 17:02:41,695 :INFO : test_formSubmission :first name is Anshika
2024-01-24 17:02:51,530 :INFO : test_e2e :getting all the card titles
2024-01-24 17:02:51,600 :INFO : test_e2e :iphone X
2024-01-24 17:02:51,622 :INFO : test_e2e :Samsung Note 8
2024-01-24 17:02:51,642 :INFO : test_e2e :Nokia Edge
2024-01-24 17:02:51,659 :INFO : test_e2e :Blackberry
2024-01-24 17:02:52,029 :INFO : test_e2e :Entering country name as ind
2024-01-24 17:02:57,672 :INFO : test_e2e :Text received from application is ×
Success! Thank you! Your order will be delivered in next few weeks :-).
2024-01-24 17:03:22,622 :INFO : test_formSubmission :first name is Rahul
2024-01-24 17:03:23,757 :INFO : test_formSubmission :first name is Anshika
2024-01-24 17:03:23,757 :INFO : test_formSubmission :first name is Anshika
2024-01-24 17:03:33,997 :INFO : test_e2e :getting all the card titles
2024-01-24 17:03:34,057 :INFO : test_e2e :iphone X
2024-01-24 17:03:34,077 :INFO : test_e2e :Samsung Note 8
2024-01-24 17:03:34,096 :INFO : test_e2e :Nokia Edge
2024-01-24 17:03:34,114 :INFO : test_e2e :Blackberry
2024-01-24 17:03:34,587 :INFO : test_e2e :Entering country name as ind
2024-01-24 17:03:40,688 :INFO : test_e2e :Text received from application is ×
Success! Thank you! Your order will be delivered in next few weeks :-).
2024-01-24 17:04:53,934 :INFO : test_formSubmission :first name is Rahul
2024-01-24 17:04:55,110 :INFO : test_formSubmission :first name is Anshika
2024-01-24 17:04:55,110 :INFO : test_formSubmission :first name is Anshika
2024-01-24 17:05:04,474 :INFO : test_e2e :getting all the card titles
2024-01-24 17:05:04,535 :INFO : test_e2e :iphone X
2024-01-24 17:05:04,553 :INFO : test_e2e :Samsung Note 8
2024-01-24 17:05:04,571 :INFO : test_e2e :Nokia Edge
2024-01-24 17:05:04,591 :INFO : test_e2e :Blackberry
2024-01-24 17:05:05,132 :INFO : test_e2e :Entering country name as ind
2024-01-24 17:05:10,657 :INFO : test_e2e :Text received from application is ×
Success! Thank you! Your order will be delivered in next few weeks :-).
2024-01-24 17:06:21,391 :INFO : test_formSubmission :first name is Rahul
2024-01-24 17:06:22,511 :INFO : test_formSubmission :first name is Anshika
2024-01-24 17:06:22,511 :INFO : test_formSubmission :first name is Anshika
2024-01-24 17:06:31,705 :INFO : test_e2e :getting all the card titles
2024-01-24 17:06:31,765 :INFO : test_e2e :iphone X
2024-01-24 17:06:31,783 :INFO : test_e2e :Samsung Note 8
2024-01-24 17:06:31,799 :INFO : test_e2e :Nokia Edge
2024-01-24 17:06:31,815 :INFO : test_e2e :Blackberry
2024-01-24 17:06:32,205 :INFO : test_e2e :Entering country name as ind
2024-01-24 17:07:11,051 :INFO : test_formSubmission :first name is Rahul
2024-01-24 17:07:12,205 :INFO : test_formSubmission :first name is Anshika
2024-01-24 17:07:12,205 :INFO : test_formSubmission :first name is Anshika
2024-01-24 17:07:22,549 :INFO : test_e2e :getting all the card titles
2024-01-24 17:07:22,619 :INFO : test_e2e :iphone X
2024-01-24 17:07:22,636 :INFO : test_e2e :Samsung Note 8
2024-01-24 17:07:22,655 :INFO : test_e2e :Nokia Edge
2024-01-24 17:07:22,671 :INFO : test_e2e :Blackberry
2024-01-24 17:07:23,111 :INFO : test_e2e :Entering country name as ind
2024-01-24 17:07:28,708 :INFO : test_e2e :Text received from application is ×
Success! Thank you! Your order will be delivered in next few weeks :-).
2024-01-24 17:09:04,246 :INFO : test_formSubmission :first name is Rahul
2024-01-24 17:09:05,438 :INFO : test_formSubmission :first name is Anshika
2024-01-24 17:09:05,438 :INFO : test_formSubmission :first name is Anshika
2024-01-24 17:09:15,699 :INFO : test_e2e :getting all the card titles
2024-01-24 17:09:15,757 :INFO : test_e2e :iphone X
2024-01-24 17:09:15,779 :INFO : test_e2e :Samsung Note 8
2024-01-24 17:09:15,797 :INFO : test_e2e :Nokia Edge
2024-01-24 17:09:15,812 :INFO : test_e2e :Blackberry
2024-01-24 17:09:16,187 :INFO : test_e2e :Entering country name as ind
2024-01-24 17:09:21,710 :INFO : test_e2e :Text received from application is ×
Success! Thank you! Your order will be delivered in next few weeks :-).
2024-01-24 17:11:50,268 :INFO : test_formSubmission :first name is Rahul
2024-01-24 17:11:51,634 :INFO : test_formSubmission :first name is Anshika
2024-01-24 17:11:51,634 :INFO : test_formSubmission :first name is Anshika
2024-01-24 17:12:03,555 :INFO : test_e2e :getting all the card titles
2024-01-24 17:12:03,624 :INFO : test_e2e :iphone X
2024-01-24 17:12:03,642 :INFO : test_e2e :Samsung Note 8
2024-01-24 17:12:03,663 :INFO : test_e2e :Nokia Edge
2024-01-24 17:12:03,679 :INFO : test_e2e :Blackberry
2024-01-24 17:12:04,125 :INFO : test_e2e :Entering country name as ind
2024-01-24 17:12:09,652 :INFO : test_e2e :Text received from application is ×
Success! Thank you! Your order will be delivered in next few weeks :-).
2024-01-24 17:13:57,272 :INFO : test_formSubmission :first name is Rahul
2024-01-24 17:13:58,518 :INFO : test_formSubmission :first name is Anshika
2024-01-24 17:13:58,518 :INFO : test_formSubmission :first name is Anshika
2024-01-24 17:14:07,679 :INFO : test_e2e :getting all the card titles
2024-01-24 17:14:07,736 :INFO : test_e2e :iphone X
2024-01-24 17:14:07,754 :INFO : test_e2e :Samsung Note 8
2024-01-24 17:14:07,771 :INFO : test_e2e :Nokia Edge
2024-01-24 17:14:07,787 :INFO : test_e2e :Blackberry
2024-01-24 17:14:08,299 :INFO : test_e2e :Entering country name as ind
2024-01-24 17:14:13,972 :INFO : test_e2e :Text received from application is ×
Success! Thank you! Your order will be delivered in next few weeks :-).
2024-01-24 17:15:06,013 :INFO : test_formSubmission :first name is Rahul
2024-01-24 17:15:07,458 :INFO : test_formSubmission :first name is Anshika
2024-01-24 17:15:07,458 :INFO : test_formSubmission :first name is Anshika
2024-01-24 17:15:16,962 :INFO : test_e2e :getting all the card titles
2024-01-24 17:15:17,059 :INFO : test_e2e :iphone X
2024-01-24 17:15:17,084 :INFO : test_e2e :Samsung Note 8
2024-01-24 17:15:17,106 :INFO : test_e2e :Nokia Edge
2024-01-24 17:15:17,124 :INFO : test_e2e :Blackberry
2024-01-24 17:15:17,545 :INFO : test_e2e :Entering country name as ind
2024-01-24 17:15:23,362 :INFO : test_e2e :Text received from application is ×
Success! Thank you! Your order will be delivered in next few weeks :-).
2024-01-24 17:16:58,653 :INFO : test_formSubmission :first name is Rahul
2024-01-24 17:16:59,766 :INFO : test_formSubmission :first name is Anshika
2024-01-24 17:16:59,766 :INFO : test_formSubmission :first name is Anshika
2024-01-24 17:17:08,766 :INFO : test_e2e :getting all the card titles
2024-01-24 17:17:08,824 :INFO : test_e2e :iphone X
2024-01-24 17:17:08,842 :INFO : test_e2e :Samsung Note 8
2024-01-24 17:17:08,858 :INFO : test_e2e :Nokia Edge
2024-01-24 17:17:08,873 :INFO : test_e2e :Blackberry
2024-01-24 17:17:09,284 :INFO : test_e2e :Entering country name as ind
2024-01-24 17:17:14,962 :INFO : test_e2e :Text received from application is ×
Success! Thank you! Your order will be delivered in next few weeks :-).
2024-01-24 17:23:34,750 :INFO : test_formSubmission :first name is Rahul
2024-01-24 17:23:35,985 :INFO : test_formSubmission :first name is Anshika
2024-01-24 17:23:35,985 :INFO : test_formSubmission :first name is Anshika
2024-01-24 17:23:47,710 :INFO : test_e2e :getting all the card titles
2024-01-24 17:23:47,789 :INFO : test_e2e :iphone X
2024-01-24 17:23:47,810 :INFO : test_e2e :Samsung Note 8
2024-01-24 17:23:47,829 :INFO : test_e2e :Nokia Edge
2024-01-24 17:23:47,849 :INFO : test_e2e :Blackberry
2024-01-24 17:23:48,519 :INFO : test_e2e :Entering country name as ind
2024-01-24 17:23:54,173 :INFO : test_e2e :Text received from application is ×
Success! Thank you! Your order will be delivered in next few weeks :-).
2024-01-24 17:33:58,865 :INFO : test_formSubmission :first name is Rahul
2024-01-24 17:34:00,243 :INFO : test_formSubmission :first name is Anshika
2024-01-24 17:34:00,243 :INFO : test_formSubmission :first name is Anshika
2024-01-24 17:34:11,472 :INFO : test_e2e :getting all the card titles
2024-01-24 17:34:11,531 :INFO : test_e2e :iphone X
2024-01-24 17:34:11,549 :INFO : test_e2e :Samsung Note 8
2024-01-24 17:34:11,564 :INFO : test_e2e :Nokia Edge
2024-01-24 17:34:11,579 :INFO : test_e2e :Blackberry
2024-01-24 17:34:12,032 :INFO : test_e2e :Entering country name as ind
2024-01-24 17:34:17,639 :INFO : test_e2e :Text received from application is ×
Success! Thank you! Your order will be delivered in next few weeks :-).
2024-01-24 17:50:43,225 :INFO : test_formSubmission :first name is Rahul
2024-01-24 17:50:44,406 :INFO : test_formSubmission :first name is Anshika
2024-01-24 17:50:44,406 :INFO : test_formSubmission :first name is Anshika
2024-01-24 17:50:54,142 :INFO : test_e2e :getting all the card titles
2024-01-24 17:50:54,208 :INFO : test_e2e :iphone X
2024-01-24 17:50:54,223 :INFO : test_e2e :Samsung Note 8
2024-01-24 17:50:54,240 :INFO : test_e2e :Nokia Edge
2024-01-24 17:50:54,255 :INFO : test_e2e :Blackberry
2024-01-24 17:50:54,619 :INFO : test_e2e :Entering country name as ind
2024-01-24 17:51:00,393 :INFO : test_e2e :Text received from application is ×
Success! Thank you! Your order will be delivered in next few weeks :-).
2024-01-24 17:55:44,979 :INFO : test_formSubmission :first name is Rahul
2024-01-24 17:55:46,137 :INFO : test_formSubmission :first name is Anshika
2024-01-24 17:55:46,137 :INFO : test_formSubmission :first name is Anshika
2024-01-24 17:55:56,756 :INFO : test_e2e :getting all the card titles
2024-01-24 17:55:56,871 :INFO : test_e2e :iphone X
2024-01-24 17:55:56,896 :INFO : test_e2e :Samsung Note 8
2024-01-24 17:55:56,920 :INFO : test_e2e :Nokia Edge
2024-01-24 17:55:56,938 :INFO : test_e2e :Blackberry
2024-01-24 17:55:57,427 :INFO : test_e2e :Entering country name as ind
2024-01-24 17:56:03,046 :INFO : test_e2e :Text received from application is ×
Success! Thank you! Your order will be delivered in next few weeks :-).
2024-01-24 17:57:12,645 :INFO : test_formSubmission :first name is Rahul
2024-01-24 17:57:13,778 :INFO : test_formSubmission :first name is Anshika
2024-01-24 17:57:13,778 :INFO : test_formSubmission :first name is Anshika
2024-01-24 17:57:28,099 :INFO : test_e2e :getting all the card titles
2024-01-24 17:57:28,160 :INFO : test_e2e :iphone X
2024-01-24 17:57:28,183 :INFO : test_e2e :Samsung Note 8
2024-01-24 17:57:28,201 :INFO : test_e2e :Nokia Edge
2024-01-24 17:57:28,221 :INFO : test_e2e :Blackberry
2024-01-24 17:57:28,664 :INFO : test_e2e :Entering country name as ind
2024-01-24 17:57:34,202 :INFO : test_e2e :Text received from application is ×
Success! Thank you! Your order will be delivered in next few weeks :-).
2024-01-24 17:58:29,081 :INFO : test_formSubmission :first name is Rahul
2024-01-24 17:58:30,539 :INFO : test_formSubmission :first name is Anshika
2024-01-24 17:58:30,539 :INFO : test_formSubmission :first name is Anshika
2024-01-24 17:58:41,708 :INFO : test_e2e :getting all the card titles
2024-01-24 17:58:41,780 :INFO : test_e2e :iphone X
2024-01-24 17:58:41,801 :INFO : test_e2e :Samsung Note 8
2024-01-24 17:58:41,825 :INFO : test_e2e :Nokia Edge
2024-01-24 17:58:41,845 :INFO : test_e2e :Blackberry
2024-01-24 17:58:42,409 :INFO : test_e2e :Entering country name as ind
2024-01-24 17:59:10,281 :INFO : test_formSubmission :first name is Rahul
2024-01-24 17:59:11,738 :INFO : test_formSubmission :first name is Anshika
2024-01-24 17:59:11,738 :INFO : test_formSubmission :first name is Anshika
2024-01-24 17:59:21,011 :INFO : test_e2e :getting all the card titles
2024-01-24 17:59:21,067 :INFO : test_e2e :iphone X
2024-01-24 17:59:21,084 :INFO : test_e2e :Samsung Note 8
2024-01-24 17:59:21,102 :INFO : test_e2e :Nokia Edge
2024-01-24 17:59:21,118 :INFO : test_e2e :Blackberry
2024-01-24 17:59:21,519 :INFO : test_e2e :Entering country name as ind
2024-01-24 17:59:27,112 :INFO : test_e2e :Text received from application is ×
Success! Thank you! Your order will be delivered in next few weeks :-).
2024-01-24 18:00:26,672 :INFO : test_formSubmission :first name is Rahul
2024-01-24 18:00:27,832 :INFO : test_formSubmission :first name is Anshika
2024-01-24 18:00:27,832 :INFO : test_formSubmission :first name is Anshika
2024-01-24 18:00:37,523 :INFO : test_e2e :getting all the card titles
2024-01-24 18:00:37,577 :INFO : test_e2e :iphone X
2024-01-24 18:00:37,594 :INFO : test_e2e :Samsung Note 8
2024-01-24 18:00:37,609 :INFO : test_e2e :Nokia Edge
2024-01-24 18:00:37,624 :INFO : test_e2e :Blackberry
2024-01-24 18:00:37,986 :INFO : test_e2e :Entering country name as ind
2024-01-24 18:00:43,591 :INFO : test_e2e :Text received from application is ×
Success! Thank you! Your order will be delivered in next few weeks :-).
2024-01-24 18:02:21,487 :INFO : test_formSubmission :first name is Rahul
2024-01-24 18:02:22,617 :INFO : test_formSubmission :first name is Anshika
2024-01-24 18:02:22,617 :INFO : test_formSubmission :first name is Anshika
2024-01-24 18:02:32,238 :INFO : test_e2e :getting all the card titles
2024-01-24 18:02:32,304 :INFO : test_e2e :iphone X
2024-01-24 18:02:32,322 :INFO : test_e2e :Samsung Note 8
2024-01-24 18:02:32,347 :INFO : test_e2e :Nokia Edge
2024-01-24 18:02:32,368 :INFO : test_e2e :Blackberry
2024-01-24 18:02:32,773 :INFO : test_e2e :Entering country name as ind
2024-01-24 18:02:38,644 :INFO : test_e2e :Text received from application is ×
Success! Thank you! Your order will be delivered in next few weeks :-).
2024-01-24 18:04:45,459 :INFO : test_formSubmission :first name is Rahul
2024-01-24 18:04:46,750 :INFO : test_formSubmission :first name is Anshika
2024-01-24 18:04:46,750 :INFO : test_formSubmission :first name is Anshika
2024-01-24 18:04:57,559 :INFO : test_e2e :getting all the card titles
2024-01-24 18:04:57,617 :INFO : test_e2e :iphone X
2024-01-24 18:04:57,635 :INFO : test_e2e :Samsung Note 8
2024-01-24 18:04:57,652 :INFO : test_e2e :Nokia Edge
2024-01-24 18:04:57,710 :INFO : test_e2e :Blackberry
2024-01-24 18:04:58,236 :INFO : test_e2e :Entering country name as ind
2024-01-24 18:05:03,742 :INFO : test_e2e :Text received from application is ×
Success! Thank you! Your order will be delivered in next few weeks :-).
2024-01-24 18:06:08,576 :INFO : test_formSubmission :first name is Rahul
2024-01-24 18:06:09,673 :INFO : test_formSubmission :first name is Anshika
2024-01-24 18:06:09,673 :INFO : test_formSubmission :first name is Anshika
2024-01-24 18:06:19,082 :INFO : test_e2e :getting all the card titles
2024-01-24 18:06:19,153 :INFO : test_e2e :iphone X
2024-01-24 18:06:19,169 :INFO : test_e2e :Samsung Note 8
2024-01-24 18:06:19,188 :INFO : test_e2e :Nokia Edge
2024-01-24 18:06:19,205 :INFO : test_e2e :Blackberry
2024-01-24 18:06:19,790 :INFO : test_e2e :Entering country name as ind
2024-01-24 18:06:25,526 :INFO : test_e2e :Text received from application is ×
Success! Thank you! Your order will be delivered in next few weeks :-).
2024-01-24 18:07:23,691 :INFO : test_formSubmission :first name is Rahul
2024-01-24 18:07:25,018 :INFO : test_formSubmission :first name is Anshika
2024-01-24 18:07:25,018 :INFO : test_formSubmission :first name is Anshika
2024-01-24 18:07:34,770 :INFO : test_e2e :getting all the card titles
2024-01-24 18:07:34,842 :INFO : test_e2e :iphone X
2024-01-24 18:07:34,862 :INFO : test_e2e :Samsung Note 8
2024-01-24 18:07:34,879 :INFO : test_e2e :Nokia Edge
2024-01-24 18:07:34,897 :INFO : test_e2e :Blackberry
2024-01-24 18:07:35,352 :INFO : test_e2e :Entering country name as ind
2024-01-24 18:07:41,064 :INFO : test_e2e :Text received from application is ×
Success! Thank you! Your order will be delivered in next few weeks :-).
2024-01-24 18:10:18,979 :INFO : test_formSubmission :first name is Rahul
2024-01-24 18:10:20,120 :INFO : test_formSubmission :first name is Anshika
2024-01-24 18:10:20,120 :INFO : test_formSubmission :first name is Anshika
2024-01-24 18:10:29,379 :INFO : test_e2e :getting all the card titles
2024-01-24 18:10:29,444 :INFO : test_e2e :iphone X
2024-01-24 18:10:29,463 :INFO : test_e2e :Samsung Note 8
2024-01-24 18:10:29,480 :INFO : test_e2e :Nokia Edge
2024-01-24 18:10:29,497 :INFO : test_e2e :Blackberry
2024-01-24 18:10:30,014 :INFO : test_e2e :Entering country name as ind
2024-01-24 18:10:35,540 :INFO : test_e2e :Text received from application is ×
Success! Thank you! Your order will be delivered in next few weeks :-).
2024-01-24 18:11:16,296 :INFO : test_formSubmission :first name is Rahul
2024-01-24 18:11:17,472 :INFO : test_formSubmission :first name is Anshika
2024-01-24 18:11:17,472 :INFO : test_formSubmission :first name is Anshika
2024-01-24 18:11:27,926 :INFO : test_e2e :getting all the card titles
2024-01-24 18:11:27,993 :INFO : test_e2e :iphone X
2024-01-24 18:11:28,016 :INFO : test_e2e :Samsung Note 8
2024-01-24 18:11:28,035 :INFO : test_e2e :Nokia Edge
2024-01-24 18:11:28,051 :INFO : test_e2e :Blackberry
2024-01-24 18:11:28,443 :INFO : test_e2e :Entering country name as ind
2024-01-24 18:11:34,108 :INFO : test_e2e :Text received from application is ×
Success! Thank you! Your order will be delivered in next few weeks :-).
2024-01-24 18:12:00,334 :INFO : test_formSubmission :first name is Rahul
2024-01-24 18:12:01,507 :INFO : test_formSubmission :first name is Anshika
2024-01-24 18:12:01,507 :INFO : test_formSubmission :first name is Anshika
2024-01-24 18:12:11,158 :INFO : test_e2e :getting all the card titles
2024-01-24 18:12:11,254 :INFO : test_e2e :iphone X
2024-01-24 18:12:11,298 :INFO : test_e2e :Samsung Note 8
2024-01-24 18:12:11,334 :INFO : test_e2e :Nokia Edge
2024-01-24 18:12:11,543 :INFO : test_e2e :Blackberry
2024-01-24 18:12:12,344 :INFO : test_e2e :Entering country name as ind
2024-01-24 18:12:18,228 :INFO : test_e2e :Text received from application is ×
Success! Thank you! Your order will be delivered in next few weeks :-).
2024-01-24 18:15:01,258 :INFO : test_formSubmission :first name is Rahul
2024-01-24 18:15:03,358 :INFO : test_formSubmission :first name is Anshika
2024-01-24 18:15:03,358 :INFO : test_formSubmission :first name is Anshika
2024-01-24 18:15:12,756 :INFO : test_e2e :getting all the card titles
2024-01-24 18:15:12,902 :INFO : test_e2e :iphone X
2024-01-24 18:15:12,947 :INFO : test_e2e :Samsung Note 8
2024-01-24 18:15:13,058 :INFO : test_e2e :Nokia Edge
2024-01-24 18:15:13,105 :INFO : test_e2e :Blackberry
2024-01-24 18:15:13,779 :INFO : test_e2e :Entering country name as ind
2024-01-24 18:15:19,499 :INFO : test_e2e :Text received from application is ×
Success! Thank you! Your order will be delivered in next few weeks :-).
2024-01-24 18:15:47,454 :INFO : test_formSubmission :first name is Rahul
2024-01-24 18:15:49,041 :INFO : test_formSubmission :first name is Anshika
2024-01-24 18:15:49,041 :INFO : test_formSubmission :first name is Anshika
2024-01-24 18:15:59,045 :INFO : test_e2e :getting all the card titles
2024-01-24 18:15:59,108 :INFO : test_e2e :iphone X
2024-01-24 18:15:59,125 :INFO : test_e2e :Samsung Note 8
2024-01-24 18:15:59,139 :INFO : test_e2e :Nokia Edge
2024-01-24 18:15:59,154 :INFO : test_e2e :Blackberry
2024-01-24 18:15:59,561 :INFO : test_e2e :Entering country name as ind
2024-01-24 18:16:05,125 :INFO : test_e2e :Text received from application is ×
Success! Thank you! Your order will be delivered in next few weeks :-).
2024-01-24 18:18:48,986 :INFO : test_formSubmission :first name is Rahul
2024-01-24 18:18:50,333 :INFO : test_formSubmission :first name is Anshika
2024-01-24 18:18:50,333 :INFO : test_formSubmission :first name is Anshika
2024-01-24 18:18:59,783 :INFO : test_e2e :getting all the card titles
2024-01-24 18:18:59,847 :INFO : test_e2e :iphone X
2024-01-24 18:18:59,865 :INFO : test_e2e :Samsung Note 8
2024-01-24 18:18:59,881 :INFO : test_e2e :Nokia Edge
2024-01-24 18:18:59,898 :INFO : test_e2e :Blackberry
2024-01-24 18:19:00,337 :INFO : test_e2e :Entering country name as ind
2024-01-24 18:19:06,115 :INFO : test_e2e :Text received from application is ×
Success! Thank you! Your order will be delivered in next few weeks :-).
2024-01-24 18:19:59,500 :INFO : test_formSubmission :first name is Rahul
2024-01-24 18:20:00,767 :INFO : test_formSubmission :first name is Anshika
2024-01-24 18:20:00,767 :INFO : test_formSubmission :first name is Anshika
2024-01-24 18:20:10,560 :INFO : test_e2e :getting all the card titles
2024-01-24 18:20:10,975 :INFO : test_e2e :iphone X
2024-01-24 18:20:10,991 :INFO : test_e2e :Samsung Note 8
2024-01-24 18:20:11,004 :INFO : test_e2e :Nokia Edge
2024-01-24 18:20:11,019 :INFO : test_e2e :Blackberry
2024-01-24 18:20:11,382 :INFO : test_e2e :Entering country name as ind
2024-01-24 18:20:17,011 :INFO : test_e2e :Text received from application is ×
Success! Thank you! Your order will be delivered in next few weeks :-).
2024-01-24 18:21:58,966 :INFO : test_formSubmission :first name is Rahul
2024-01-24 18:22:00,330 :INFO : test_formSubmission :first name is Anshika
2024-01-24 18:22:00,330 :INFO : test_formSubmission :first name is Anshika
2024-01-24 18:22:10,430 :INFO : test_e2e :getting all the card titles
2024-01-24 18:22:10,483 :INFO : test_e2e :iphone X
2024-01-24 18:22:10,499 :INFO : test_e2e :Samsung Note 8
2024-01-24 18:22:10,514 :INFO : test_e2e :Nokia Edge
2024-01-24 18:22:10,530 :INFO : test_e2e :Blackberry
2024-01-24 18:22:10,909 :INFO : test_e2e :Entering country name as ind
2024-01-24 18:22:16,484 :INFO : test_e2e :Text received from application is ×
Success! Thank you! Your order will be delivered in next few weeks :-).
2024-01-24 18:26:56,066 :INFO : test_formSubmission :first name is Rahul
2024-01-24 18:26:57,279 :INFO : test_formSubmission :first name is Anshika
2024-01-24 18:26:57,279 :INFO : test_formSubmission :first name is Anshika
2024-01-24 18:27:07,303 :INFO : test_e2e :getting all the card titles
2024-01-24 18:27:07,366 :INFO : test_e2e :iphone X
2024-01-24 18:27:07,391 :INFO : test_e2e :Samsung Note 8
2024-01-24 18:27:07,409 :INFO : test_e2e :Nokia Edge
2024-01-24 18:27:07,426 :INFO : test_e2e :Blackberry
2024-01-24 18:27:07,821 :INFO : test_e2e :Entering country name as ind
2024-01-24 18:27:13,437 :INFO : test_e2e :Text received from application is ×
Success! Thank you! Your order will be delivered in next few weeks :-).
2024-01-24 18:31:06,888 :INFO : test_formSubmission :first name is Rahul
2024-01-24 18:31:08,253 :INFO : test_formSubmission :first name is Anshika
2024-01-24 18:31:08,253 :INFO : test_formSubmission :first name is Anshika
2024-01-24 18:31:17,862 :INFO : test_e2e :getting all the card titles
2024-01-24 18:31:17,962 :INFO : test_e2e :iphone X
2024-01-24 18:31:17,991 :INFO : test_e2e :Samsung Note 8
2024-01-24 18:31:18,019 :INFO : test_e2e :Nokia Edge
2024-01-24 18:31:18,040 :INFO : test_e2e :Blackberry
2024-01-24 18:31:18,559 :INFO : test_e2e :Entering country name as ind
2024-01-24 18:31:24,476 :INFO : test_e2e :Text received from application is ×
Success! Thank you! Your order will be delivered in next few weeks :-).
2024-01-25 04:05:21,855 :INFO : test_formSubmission :first name is Rahul
2024-01-25 04:05:24,588 :INFO : test_formSubmission :first name is Anshika
2024-01-25 04:05:24,588 :INFO : test_formSubmission :first name is Anshika
2024-01-25 04:05:37,551 :INFO : test_e2e :getting all the card titles
2024-01-25 04:05:37,606 :INFO : test_e2e :iphone X
2024-01-25 04:05:37,622 :INFO : test_e2e :Samsung Note 8
2024-01-25 04:05:37,636 :INFO : test_e2e :Nokia Edge
2024-01-25 04:05:37,652 :INFO : test_e2e :Blackberry
2024-01-25 04:05:38,543 :INFO : test_e2e :Entering country name as ind
2024-01-25 04:05:44,359 :INFO : test_e2e :Text received from application is ×
Success! Thank you! Your order will be delivered in next few weeks :-).
2024-01-25 04:06:45,094 :INFO : test_formSubmission :first name is Rahul
2024-01-25 04:06:46,253 :INFO : test_formSubmission :first name is Anshika
2024-01-25 04:06:46,253 :INFO : test_formSubmission :first name is Anshika
2024-01-25 04:06:57,458 :INFO : test_e2e :getting all the card titles
2024-01-25 04:06:57,528 :INFO : test_e2e :iphone X
2024-01-25 04:06:57,550 :INFO : test_e2e :Samsung Note 8
2024-01-25 04:06:57,567 :INFO : test_e2e :Nokia Edge
2024-01-25 04:06:57,584 :INFO : test_e2e :Blackberry
2024-01-25 04:06:58,171 :INFO : test_e2e :Entering country name as ind
2024-01-25 04:07:04,125 :INFO : test_e2e :Text received from application is ×
Success! Thank you! Your order will be delivered in next few weeks :-).
2024-01-25 04:14:43,120 :INFO : test_formSubmission :first name is Rahul
2024-01-25 04:14:44,376 :INFO : test_formSubmission :first name is Anshika
2024-01-25 04:14:44,376 :INFO : test_formSubmission :first name is Anshika
2024-01-25 04:14:59,433 :INFO : test_e2e :getting all the card titles
2024-01-25 04:14:59,495 :INFO : test_e2e :iphone X
2024-01-25 04:14:59,513 :INFO : test_e2e :Samsung Note 8
2024-01-25 04:14:59,528 :INFO : test_e2e :Nokia Edge
2024-01-25 04:14:59,543 :INFO : test_e2e :Blackberry
2024-01-25 04:14:59,922 :INFO : test_e2e :Entering country name as ind
2024-01-25 04:15:05,652 :INFO : test_e2e :Text received from application is ×
Success! Thank you! Your order will be delivered in next few weeks :-).
2024-01-25 04:16:27,175 :INFO : test_formSubmission :first name is Rahul
2024-01-25 04:16:28,514 :INFO : test_formSubmission :first name is Anshika
2024-01-25 04:16:28,514 :INFO : test_formSubmission :first name is Anshika
2024-01-25 04:16:38,911 :INFO : test_e2e :getting all the card titles
2024-01-25 04:16:38,968 :INFO : test_e2e :iphone X
2024-01-25 04:16:38,986 :INFO : test_e2e :Samsung Note 8
2024-01-25 04:16:39,003 :INFO : test_e2e :Nokia Edge
2024-01-25 04:16:39,022 :INFO : test_e2e :Blackberry
2024-01-25 04:16:39,434 :INFO : test_e2e :Entering country name as ind
2024-01-25 04:16:45,160 :INFO : test_e2e :Text received from application is ×
Success! Thank you! Your order will be delivered in next few weeks :-).
2024-01-25 04:29:25,040 :INFO : test_formSubmission :first name is Rahul
2024-01-25 04:29:26,436 :INFO : test_formSubmission :first name is Anshika
2024-01-25 04:29:26,436 :INFO : test_formSubmission :first name is Anshika
2024-01-25 04:29:36,629 :INFO : test_e2e :getting all the card titles
2024-01-25 04:29:36,691 :INFO : test_e2e :iphone X
2024-01-25 04:29:36,709 :INFO : test_e2e :Samsung Note 8
2024-01-25 04:29:36,725 :INFO : test_e2e :Nokia Edge
2024-01-25 04:29:36,742 :INFO : test_e2e :Blackberry
2024-01-25 04:29:37,139 :INFO : test_e2e :Entering country name as ind
2024-01-25 04:29:42,724 :INFO : test_e2e :Text received from application is ×
Success! Thank you! Your order will be delivered in next few weeks :-).
2024-01-25 04:37:37,863 :INFO : test_formSubmission :first name is Rahul
2024-01-25 04:37:39,170 :INFO : test_formSubmission :first name is Anshika
2024-01-25 04:37:39,170 :INFO : test_formSubmission :first name is Anshika
2024-01-25 04:37:47,931 :INFO : test_e2e :getting all the card titles
2024-01-25 04:37:47,997 :INFO : test_e2e :iphone X
2024-01-25 04:37:48,012 :INFO : test_e2e :Samsung Note 8
2024-01-25 04:37:48,028 :INFO : test_e2e :Nokia Edge
2024-01-25 04:37:48,042 :INFO : test_e2e :Blackberry
2024-01-25 04:37:48,411 :INFO : test_e2e :Entering country name as ind
2024-01-25 04:37:53,940 :INFO : test_e2e :Text received from application is ×
Success! Thank you! Your order will be delivered in next few weeks :-).
2024-01-25 04:48:10,383 :INFO : test_formSubmission :first name is Rahul
2024-01-25 04:48:11,578 :INFO : test_formSubmission :first name is Anshika
2024-01-25 04:48:11,578 :INFO : test_formSubmission :first name is Anshika
2024-01-25 04:48:22,937 :INFO : test_e2e :getting all the card titles
2024-01-25 04:48:23,003 :INFO : test_e2e :iphone X
2024-01-25 04:48:23,019 :INFO : test_e2e :Samsung Note 8
2024-01-25 04:48:23,036 :INFO : test_e2e :Nokia Edge
2024-01-25 04:48:23,052 :INFO : test_e2e :Blackberry
2024-01-25 04:48:23,440 :INFO : test_e2e :Entering country name as ind
2024-01-25 04:48:28,967 :INFO : test_e2e :Text received from application is ×
Success! Thank you! Your order will be delivered in next few weeks :-).
2024-01-25 04:52:04,810 :INFO : test_formSubmission :first name is Rahul
2024-01-25 04:52:06,027 :INFO : test_formSubmission :first name is Anshika
2024-01-25 04:52:06,027 :INFO : test_formSubmission :first name is Anshika
2024-01-25 04:52:16,918 :INFO : test_e2e :getting all the card titles
2024-01-25 04:52:16,977 :INFO : test_e2e :iphone X
2024-01-25 04:52:16,994 :INFO : test_e2e :Samsung Note 8
2024-01-25 04:52:17,008 :INFO : test_e2e :Nokia Edge
2024-01-25 04:52:17,025 :INFO : test_e2e :Blackberry
2024-01-25 04:52:17,409 :INFO : test_e2e :Entering country name as ind
2024-01-25 04:52:22,976 :INFO : test_e2e :Text received from application is ×
Success! Thank you! Your order will be delivered in next few weeks :-).
2024-01-25 05:00:56,099 :INFO : test_formSubmission :first name is Rahul
2024-01-25 05:00:57,211 :INFO : test_formSubmission :first name is Anshika
2024-01-25 05:00:57,211 :INFO : test_formSubmission :first name is Anshika
2024-01-25 05:01:10,360 :INFO : test_e2e :getting all the card titles
2024-01-25 05:01:10,424 :INFO : test_e2e :iphone X
2024-01-25 05:01:10,440 :INFO : test_e2e :Samsung Note 8
2024-01-25 05:01:10,456 :INFO : test_e2e :Nokia Edge
2024-01-25 05:01:10,470 :INFO : test_e2e :Blackberry
2024-01-25 05:01:10,849 :INFO : test_e2e :Entering country name as ind
2024-01-25 05:01:16,443 :INFO : test_e2e :Text received from application is ×
Success! Thank you! Your order will be delivered in next few weeks :-).
2024-01-25 05:05:59,704 :INFO : test_formSubmission :first name is Rahul
2024-01-25 05:06:00,983 :INFO : test_formSubmission :first name is Anshika
2024-01-25 05:06:00,983 :INFO : test_formSubmission :first name is Anshika
2024-01-25 05:06:10,948 :INFO : test_e2e :getting all the card titles
2024-01-25 05:06:11,017 :INFO : test_e2e :iphone X
2024-01-25 05:06:11,035 :INFO : test_e2e :Samsung Note 8
2024-01-25 05:06:11,053 :INFO : test_e2e :Nokia Edge
2024-01-25 05:06:11,069 :INFO : test_e2e :Blackberry
2024-01-25 05:06:11,529 :INFO : test_e2e :Entering country name as ind
2024-01-25 05:06:17,140 :INFO : test_e2e :Text received from application is ×
Success! Thank you! Your order will be delivered in next few weeks :-).
2024-01-25 05:07:59,878 :INFO : test_formSubmission :first name is Rahul
2024-01-25 05:08:01,048 :INFO : test_formSubmission :first name is Anshika
2024-01-25 05:08:01,048 :INFO : test_formSubmission :first name is Anshika
2024-01-25 05:08:13,775 :INFO : test_e2e :getting all the card titles
2024-01-25 05:08:13,836 :INFO : test_e2e :iphone X
2024-01-25 05:08:13,852 :INFO : test_e2e :Samsung Note 8
2024-01-25 05:08:13,868 :INFO : test_e2e :Nokia Edge
2024-01-25 05:08:13,883 :INFO : test_e2e :Blackberry
2024-01-25 05:08:14,257 :INFO : test_e2e :Entering country name as ind
2024-01-25 05:08:19,860 :INFO : test_e2e :Text received from application is ×
Success! Thank you! Your order will be delivered in next few weeks :-).
2024-01-25 05:12:45,123 :INFO : test_formSubmission :first name is Rahul
2024-01-25 05:12:46,309 :INFO : test_formSubmission :first name is Anshika
2024-01-25 05:12:46,309 :INFO : test_formSubmission :first name is Anshika
2024-01-25 05:12:55,780 :INFO : test_e2e :getting all the card titles
2024-01-25 05:12:55,840 :INFO : test_e2e :iphone X
2024-01-25 05:12:55,859 :INFO : test_e2e :Samsung Note 8
2024-01-25 05:12:55,875 :INFO : test_e2e :Nokia Edge
2024-01-25 05:12:55,891 :INFO : test_e2e :Blackberry
2024-01-25 05:12:56,291 :INFO : test_e2e :Entering country name as ind
2024-01-25 05:13:01,944 :INFO : test_e2e :Text received from application is ×
Success! Thank you! Your order will be delivered in next few weeks :-).
2024-01-25 05:16:22,946 :INFO : test_formSubmission :first name is Rahul
2024-01-25 05:16:24,100 :INFO : test_formSubmission :first name is Anshika
2024-01-25 05:16:24,100 :INFO : test_formSubmission :first name is Anshika
2024-01-25 05:16:33,261 :INFO : test_e2e :getting all the card titles
2024-01-25 05:16:33,319 :INFO : test_e2e :iphone X
2024-01-25 05:16:33,337 :INFO : test_e2e :Samsung Note 8
2024-01-25 05:16:33,351 :INFO : test_e2e :Nokia Edge
2024-01-25 05:16:33,366 :INFO : test_e2e :Blackberry
2024-01-25 05:16:33,747 :INFO : test_e2e :Entering country name as ind
2024-01-25 05:16:39,277 :INFO : test_e2e :Text received from application is ×
Success! Thank you! Your order will be delivered in next few weeks :-).
2024-01-25 05:17:54,575 :INFO : test_formSubmission :first name is Rahul
2024-01-25 05:17:55,748 :INFO : test_formSubmission :first name is Anshika
2024-01-25 05:17:55,748 :INFO : test_formSubmission :first name is Anshika
2024-01-25 05:18:05,004 :INFO : test_e2e :getting all the card titles
2024-01-25 05:18:05,060 :INFO : test_e2e :iphone X
2024-01-25 05:18:05,076 :INFO : test_e2e :Samsung Note 8
2024-01-25 05:18:05,091 :INFO : test_e2e :Nokia Edge
2024-01-25 05:18:05,107 :INFO : test_e2e :Blackberry
2024-01-25 05:18:05,487 :INFO : test_e2e :Entering country name as ind
2024-01-25 05:18:11,033 :INFO : test_e2e :Text received from application is ×
Success! Thank you! Your order will be delivered in next few weeks :-).
2024-01-25 05:20:43,946 :INFO : test_formSubmission :first name is Rahul
2024-01-25 05:20:45,039 :INFO : test_formSubmission :first name is Anshika
2024-01-25 05:20:45,039 :INFO : test_formSubmission :first name is Anshika
2024-01-25 05:20:55,102 :INFO : test_e2e :getting all the card titles
2024-01-25 05:20:55,170 :INFO : test_e2e :iphone X
2024-01-25 05:20:55,192 :INFO : test_e2e :Samsung Note 8
2024-01-25 05:20:55,211 :INFO : test_e2e :Nokia Edge
2024-01-25 05:20:55,229 :INFO : test_e2e :Blackberry
2024-01-25 05:20:55,607 :INFO : test_e2e :Entering country name as ind
2024-01-25 05:21:01,133 :INFO : test_e2e :Text received from application is ×
Success! Thank you! Your order will be delivered in next few weeks :-).
2024-01-25 05:23:06,542 :INFO : test_formSubmission :first name is Rahul
2024-01-25 05:23:07,699 :INFO : test_formSubmission :first name is Anshika
2024-01-25 05:23:07,699 :INFO : test_formSubmission :first name is Anshika
2024-01-25 05:23:16,443 :INFO : test_e2e :getting all the card titles
2024-01-25 05:23:16,501 :INFO : test_e2e :iphone X
2024-01-25 05:23:16,517 :INFO : test_e2e :Samsung Note 8
2024-01-25 05:23:16,532 :INFO : test_e2e :Nokia Edge
2024-01-25 05:23:16,546 :INFO : test_e2e :Blackberry
2024-01-25 05:23:16,903 :INFO : test_e2e :Entering country name as ind
2024-01-25 05:23:22,467 :INFO : test_e2e :Text received from application is ×
Success! Thank you! Your order will be delivered in next few weeks :-).
2024-01-25 05:27:04,323 :INFO : test_formSubmission :first name is Rahul
2024-01-25 05:27:05,754 :INFO : test_formSubmission :first name is Anshika
2024-01-25 05:27:05,754 :INFO : test_formSubmission :first name is Anshika
2024-01-25 05:27:14,701 :INFO : test_e2e :getting all the card titles
2024-01-25 05:27:14,760 :INFO : test_e2e :iphone X
2024-01-25 05:27:14,776 :INFO : test_e2e :Samsung Note 8
2024-01-25 05:27:14,790 :INFO : test_e2e :Nokia Edge
2024-01-25 05:27:14,804 :INFO : test_e2e :Blackberry
2024-01-25 05:27:15,186 :INFO : test_e2e :Entering country name as ind
2024-01-25 05:27:20,789 :INFO : test_e2e :Text received from application is ×
Success! Thank you! Your order will be delivered in next few weeks :-).
2024-01-25 05:27:52,531 :INFO : test_formSubmission :first name is Rahul
2024-01-25 05:27:53,629 :INFO : test_formSubmission :first name is Anshika
2024-01-25 05:27:53,629 :INFO : test_formSubmission :first name is Anshika
2024-01-25 05:28:02,612 :INFO : test_e2e :getting all the card titles
2024-01-25 05:28:02,672 :INFO : test_e2e :iphone X
2024-01-25 05:28:02,687 :INFO : test_e2e :Samsung Note 8
2024-01-25 05:28:02,703 :INFO : test_e2e :Nokia Edge
2024-01-25 05:28:02,718 :INFO : test_e2e :Blackberry
2024-01-25 05:28:03,082 :INFO : test_e2e :Entering country name as ind
2024-01-25 05:28:08,611 :INFO : test_e2e :Text received from application is ×
Success! Thank you! Your order will be delivered in next few weeks :-).
2024-01-25 05:31:20,443 :INFO : test_formSubmission :first name is Rahul
2024-01-25 05:31:22,609 :INFO : test_formSubmission :first name is Anshika
2024-01-25 05:31:22,609 :INFO : test_formSubmission :first name is Anshika
2024-01-25 05:32:38,321 :INFO : test_formSubmission :first name is Rahul
2024-01-25 05:32:39,558 :INFO : test_formSubmission :first name is Anshika
2024-01-25 05:32:39,558 :INFO : test_formSubmission :first name is Anshika
2024-01-25 05:32:48,861 :INFO : test_e2e :getting all the card titles
2024-01-25 05:32:48,919 :INFO : test_e2e :iphone X
2024-01-25 05:32:48,936 :INFO : test_e2e :Samsung Note 8
2024-01-25 05:32:48,953 :INFO : test_e2e :Nokia Edge
2024-01-25 05:32:48,968 :INFO : test_e2e :Blackberry
2024-01-25 05:32:49,362 :INFO : test_e2e :Entering country name as ind
2024-01-25 05:32:55,032 :INFO : test_e2e :Text received from application is ×
Success! Thank you! Your order will be delivered in next few weeks :-).
2024-01-25 05:35:52,626 :INFO : test_formSubmission :first name is Rahul
2024-01-25 05:35:53,873 :INFO : test_formSubmission :first name is Anshika
2024-01-25 05:35:53,873 :INFO : test_formSubmission :first name is Anshika
2024-01-25 05:36:03,303 :INFO : test_e2e :getting all the card titles
2024-01-25 05:36:03,378 :INFO : test_e2e :iphone X
2024-01-25 05:36:03,405 :INFO : test_e2e :Samsung Note 8
2024-01-25 05:36:03,458 :INFO : test_e2e :Nokia Edge
2024-01-25 05:36:03,490 :INFO : test_e2e :Blackberry
2024-01-25 05:36:04,009 :INFO : test_e2e :Entering country name as ind
2024-01-25 05:36:09,625 :INFO : test_e2e :Text received from application is ×
Success! Thank you! Your order will be delivered in next few weeks :-).
2024-01-25 05:37:53,980 :INFO : test_formSubmission :first name is Rahul
2024-01-25 05:37:55,116 :INFO : test_formSubmission :first name is Anshika
2024-01-25 05:37:55,116 :INFO : test_formSubmission :first name is Anshika
2024-01-25 05:38:04,328 :INFO : test_e2e :getting all the card titles
2024-01-25 05:38:04,392 :INFO : test_e2e :iphone X
2024-01-25 05:38:04,408 :INFO : test_e2e :Samsung Note 8
2024-01-25 05:38:04,423 :INFO : test_e2e :Nokia Edge
2024-01-25 05:38:04,438 :INFO : test_e2e :Blackberry
2024-01-25 05:38:04,867 :INFO : test_e2e :Entering country name as ind
2024-01-25 05:38:10,411 :INFO : test_e2e :Text received from application is ×
Success! Thank you! Your order will be delivered in next few weeks :-).
2024-01-25 05:38:57,554 :INFO : test_formSubmission :first name is Rahul
2024-01-25 05:38:58,714 :INFO : test_formSubmission :first name is Anshika
2024-01-25 05:38:58,714 :INFO : test_formSubmission :first name is Anshika
2024-01-25 05:39:08,333 :INFO : test_e2e :getting all the card titles
2024-01-25 05:39:08,408 :INFO : test_e2e :iphone X
2024-01-25 05:39:08,425 :INFO : test_e2e :Samsung Note 8
2024-01-25 05:39:08,443 :INFO : test_e2e :Nokia Edge
2024-01-25 05:39:08,460 :INFO : test_e2e :Blackberry
2024-01-25 05:39:08,924 :INFO : test_e2e :Entering country name as ind
2024-01-25 05:39:14,557 :INFO : test_e2e :Text received from application is ×
Success! Thank you! Your order will be delivered in next few weeks :-).
2024-01-25 05:39:58,336 :INFO : test_formSubmission :first name is Rahul
2024-01-25 05:39:59,579 :INFO : test_formSubmission :first name is Anshika
2024-01-25 05:39:59,579 :INFO : test_formSubmission :first name is Anshika
2024-01-25 05:40:08,916 :INFO : test_e2e :getting all the card titles
2024-01-25 05:40:08,986 :INFO : test_e2e :iphone X
2024-01-25 05:40:09,001 :INFO : test_e2e :Samsung Note 8
2024-01-25 05:40:09,017 :INFO : test_e2e :Nokia Edge
2024-01-25 05:40:09,032 :INFO : test_e2e :Blackberry
2024-01-25 05:40:09,383 :INFO : test_e2e :Entering country name as ind
2024-01-25 05:40:14,910 :INFO : test_e2e :Text received from application is ×
Success! Thank you! Your order will be delivered in next few weeks :-).
2024-01-25 05:41:49,717 :INFO : test_formSubmission :first name is Rahul
2024-01-25 05:41:50,775 :INFO : test_formSubmission :first name is Anshika
2024-01-25 05:41:50,775 :INFO : test_formSubmission :first name is Anshika
2024-01-25 05:41:59,947 :INFO : test_e2e :getting all the card titles
2024-01-25 05:42:00,007 :INFO : test_e2e :iphone X
2024-01-25 05:42:00,032 :INFO : test_e2e :Samsung Note 8
2024-01-25 05:42:00,049 :INFO : test_e2e :Nokia Edge
2024-01-25 05:42:00,069 :INFO : test_e2e :Blackberry
2024-01-25 05:42:00,407 :INFO : test_e2e :Entering country name as ind
2024-01-25 05:42:05,907 :INFO : test_e2e :Text received from application is ×
Success! Thank you! Your order will be delivered in next few weeks :-).
2024-01-25 05:42:45,844 :INFO : test_formSubmission :first name is Rahul
2024-01-25 05:42:46,961 :INFO : test_formSubmission :first name is Anshika
2024-01-25 05:42:46,961 :INFO : test_formSubmission :first name is Anshika
2024-01-25 05:42:57,099 :INFO : test_e2e :getting all the card titles
2024-01-25 05:42:57,158 :INFO : test_e2e :iphone X
2024-01-25 05:42:57,174 :INFO : test_e2e :Samsung Note 8
2024-01-25 05:42:57,204 :INFO : test_e2e :Nokia Edge
2024-01-25 05:42:57,231 :INFO : test_e2e :Blackberry
2024-01-25 05:42:57,631 :INFO : test_e2e :Entering country name as ind
2024-01-25 05:43:03,215 :INFO : test_e2e :Text received from application is ×
Success! Thank you! Your order will be delivered in next few weeks :-).
2024-01-25 05:44:32,257 :INFO : test_formSubmission :first name is Rahul
2024-01-25 05:44:33,421 :INFO : test_formSubmission :first name is Anshika
2024-01-25 05:44:33,421 :INFO : test_formSubmission :first name is Anshika
2024-01-25 05:44:45,533 :INFO : test_e2e :getting all the card titles
2024-01-25 05:44:45,593 :INFO : test_e2e :iphone X
2024-01-25 05:44:45,607 :INFO : test_e2e :Samsung Note 8
2024-01-25 05:44:45,623 :INFO : test_e2e :Nokia Edge
2024-01-25 05:44:45,637 :INFO : test_e2e :Blackberry
2024-01-25 05:44:46,004 :INFO : test_e2e :Entering country name as ind
2024-01-25 05:44:51,503 :INFO : test_e2e :Text received from application is ×
Success! Thank you! Your order will be delivered in next few weeks :-).
2024-01-25 05:45:12,119 :INFO : test_formSubmission :first name is Rahul
2024-01-25 05:45:13,257 :INFO : test_formSubmission :first name is Anshika
2024-01-25 05:45:13,257 :INFO : test_formSubmission :first name is Anshika
2024-01-25 05:45:22,112 :INFO : test_e2e :getting all the card titles
2024-01-25 05:45:22,190 :INFO : test_e2e :iphone X
2024-01-25 05:45:22,210 :INFO : test_e2e :Samsung Note 8
2024-01-25 05:45:22,226 :INFO : test_e2e :Nokia Edge
2024-01-25 05:45:22,244 :INFO : test_e2e :Blackberry
2024-01-25 05:45:22,712 :INFO : test_e2e :Entering country name as ind
2024-01-25 05:45:28,228 :INFO : test_e2e :Text received from application is ×
Success! Thank you! Your order will be delivered in next few weeks :-).
2024-01-25 05:46:43,817 :INFO : test_formSubmission :first name is Rahul
2024-01-25 05:46:44,886 :INFO : test_formSubmission :first name is Anshika
2024-01-25 05:46:44,886 :INFO : test_formSubmission :first name is Anshika
2024-01-25 05:46:53,636 :INFO : test_e2e :getting all the card titles
2024-01-25 05:46:53,698 :INFO : test_e2e :iphone X
2024-01-25 05:46:53,717 :INFO : test_e2e :Samsung Note 8
2024-01-25 05:46:53,730 :INFO : test_e2e :Nokia Edge
2024-01-25 05:46:53,745 :INFO : test_e2e :Blackberry
2024-01-25 05:46:54,122 :INFO : test_e2e :Entering country name as ind
2024-01-25 05:46:59,732 :INFO : test_e2e :Text received from application is ×
Success! Thank you! Your order will be delivered in next few weeks :-).
2024-01-25 05:47:23,405 :INFO : test_formSubmission :first name is Rahul
2024-01-25 05:47:24,653 :INFO : test_formSubmission :first name is Anshika
2024-01-25 05:47:24,653 :INFO : test_formSubmission :first name is Anshika
2024-01-25 05:47:34,910 :INFO : test_e2e :getting all the card titles
2024-01-25 05:47:34,970 :INFO : test_e2e :iphone X
2024-01-25 05:47:34,986 :INFO : test_e2e :Samsung Note 8
2024-01-25 05:47:35,001 :INFO : test_e2e :Nokia Edge
2024-01-25 05:47:35,017 :INFO : test_e2e :Blackberry
2024-01-25 05:47:35,384 :INFO : test_e2e :Entering country name as ind
2024-01-25 05:47:40,893 :INFO : test_e2e :Text received from application is ×
Success! Thank you! Your order will be delivered in next few weeks :-).
2024-01-25 05:48:09,301 :INFO : test_formSubmission :first name is Rahul
2024-01-25 05:48:10,528 :INFO : test_formSubmission :first name is Anshika
2024-01-25 05:48:10,528 :INFO : test_formSubmission :first name is Anshika
2024-01-25 05:48:20,325 :INFO : test_e2e :getting all the card titles
2024-01-25 05:48:20,410 :INFO : test_e2e :iphone X
2024-01-25 05:48:20,428 :INFO : test_e2e :Samsung Note 8
2024-01-25 05:48:20,449 :INFO : test_e2e :Nokia Edge
2024-01-25 05:48:20,466 :INFO : test_e2e :Blackberry
2024-01-25 05:48:20,949 :INFO : test_e2e :Entering country name as ind
2024-01-25 05:48:26,574 :INFO : test_e2e :Text received from application is ×
Success! Thank you! Your order will be delivered in next few weeks :-).
2024-01-25 05:51:15,366 :INFO : test_formSubmission :first name is Rahul
2024-01-25 05:51:16,461 :INFO : test_formSubmission :first name is Anshika
2024-01-25 05:51:16,461 :INFO : test_formSubmission :first name is Anshika
2024-01-25 05:51:28,178 :INFO : test_e2e :getting all the card titles
2024-01-25 05:51:28,237 :INFO : test_e2e :iphone X
2024-01-25 05:51:28,252 :INFO : test_e2e :Samsung Note 8
2024-01-25 05:51:28,266 :INFO : test_e2e :Nokia Edge
2024-01-25 05:51:28,282 :INFO : test_e2e :Blackberry
2024-01-25 05:51:28,657 :INFO : test_e2e :Entering country name as ind
2024-01-25 05:51:34,216 :INFO : test_e2e :Text received from application is ×
Success! Thank you! Your order will be delivered in next few weeks :-).
2024-01-25 05:55:47,794 :INFO : test_formSubmission :first name is Rahul
2024-01-25 05:55:48,929 :INFO : test_formSubmission :first name is Anshika
2024-01-25 05:55:48,929 :INFO : test_formSubmission :first name is Anshika
2024-01-25 05:55:57,911 :INFO : test_e2e :getting all the card titles
2024-01-25 05:55:57,991 :INFO : test_e2e :iphone X
2024-01-25 05:55:58,011 :INFO : test_e2e :Samsung Note 8
2024-01-25 05:55:58,029 :INFO : test_e2e :Nokia Edge
2024-01-25 05:55:58,051 :INFO : test_e2e :Blackberry
2024-01-25 05:55:58,579 :INFO : test_e2e :Entering country name as ind
2024-01-25 05:56:04,165 :INFO : test_e2e :Text received from application is ×
Success! Thank you! Your order will be delivered in next few weeks :-).
2024-01-25 05:58:46,566 :INFO : test_formSubmission :first name is Rahul
2024-01-25 05:58:47,717 :INFO : test_formSubmission :first name is Anshika
2024-01-25 05:58:47,717 :INFO : test_formSubmission :first name is Anshika
2024-01-25 05:58:57,641 :INFO : test_e2e :getting all the card titles
2024-01-25 05:58:57,696 :INFO : test_e2e :iphone X
2024-01-25 05:58:57,714 :INFO : test_e2e :Samsung Note 8
2024-01-25 05:58:57,731 :INFO : test_e2e :Nokia Edge
2024-01-25 05:58:57,746 :INFO : test_e2e :Blackberry
2024-01-25 05:58:58,149 :INFO : test_e2e :Entering country name as ind
2024-01-25 05:59:03,935 :INFO : test_e2e :Text received from application is ×
Success! Thank you! Your order will be delivered in next few weeks :-).
2024-01-25 05:59:19,116 :INFO : test_formSubmission :first name is Rahul
2024-01-25 05:59:20,459 :INFO : test_formSubmission :first name is Anshika
2024-01-25 05:59:20,459 :INFO : test_formSubmission :first name is Anshika
2024-01-25 05:59:29,296 :INFO : test_e2e :getting all the card titles
2024-01-25 05:59:29,352 :INFO : test_e2e :iphone X
2024-01-25 05:59:29,368 :INFO : test_e2e :Samsung Note 8
2024-01-25 05:59:29,383 :INFO : test_e2e :Nokia Edge
2024-01-25 05:59:29,399 :INFO : test_e2e :Blackberry
2024-01-25 05:59:29,777 :INFO : test_e2e :Entering country name as ind
2024-01-25 05:59:35,331 :INFO : test_e2e :Text received from application is ×
Success! Thank you! Your order will be delivered in next few weeks :-).
2024-01-25 06:02:36,593 :INFO : test_formSubmission :first name is Rahul
2024-01-25 06:02:38,180 :INFO : test_formSubmission :first name is Anshika
2024-01-25 06:02:38,180 :INFO : test_formSubmission :first name is Anshika
2024-01-25 06:02:48,903 :INFO : test_e2e :getting all the card titles
2024-01-25 06:02:48,983 :INFO : test_e2e :iphone X
2024-01-25 06:02:49,004 :INFO : test_e2e :Samsung Note 8
2024-01-25 06:02:49,028 :INFO : test_e2e :Nokia Edge
2024-01-25 06:02:49,049 :INFO : test_e2e :Blackberry
2024-01-25 06:02:49,752 :INFO : test_e2e :Entering country name as ind
2024-01-25 06:02:55,355 :INFO : test_e2e :Text received from application is ×
Success! Thank you! Your order will be delivered in next few weeks :-).
2024-01-25 06:03:39,380 :INFO : test_formSubmission :first name is Rahul
2024-01-25 06:03:40,563 :INFO : test_formSubmission :first name is Anshika
2024-01-25 06:03:40,563 :INFO : test_formSubmission :first name is Anshika
2024-01-25 06:03:49,617 :INFO : test_e2e :getting all the card titles
2024-01-25 06:03:49,678 :INFO : test_e2e :iphone X
2024-01-25 06:03:49,695 :INFO : test_e2e :Samsung Note 8
2024-01-25 06:03:49,710 :INFO : test_e2e :Nokia Edge
2024-01-25 06:03:49,725 :INFO : test_e2e :Blackberry
2024-01-25 06:03:50,160 :INFO : test_e2e :Entering country name as ind
2024-01-25 06:03:55,752 :INFO : test_e2e :Text received from application is ×
Success! Thank you! Your order will be delivered in next few weeks :-).
2024-01-25 06:10:14,098 :INFO : test_formSubmission :first name is Rahul
2024-01-25 06:10:15,203 :INFO : test_formSubmission :first name is Anshika
2024-01-25 06:10:15,203 :INFO : test_formSubmission :first name is Anshika
2024-01-25 06:10:27,644 :INFO : test_e2e :getting all the card titles
2024-01-25 06:10:27,713 :INFO : test_e2e :iphone X
2024-01-25 06:10:27,735 :INFO : test_e2e :Samsung Note 8
2024-01-25 06:10:27,758 :INFO : test_e2e :Nokia Edge
2024-01-25 06:10:27,781 :INFO : test_e2e :Blackberry
2024-01-25 06:10:28,195 :INFO : test_e2e :Entering country name as ind
2024-01-25 06:10:33,754 :INFO : test_e2e :Text received from application is ×
Success! Thank you! Your order will be delivered in next few weeks :-).
2024-01-25 06:10:56,718 :INFO : test_formSubmission :first name is Rahul
2024-01-25 06:10:57,904 :INFO : test_formSubmission :first name is Anshika
2024-01-25 06:10:57,904 :INFO : test_formSubmission :first name is Anshika
2024-01-25 06:11:06,793 :INFO : test_e2e :getting all the card titles
2024-01-25 06:11:06,858 :INFO : test_e2e :iphone X
2024-01-25 06:11:06,876 :INFO : test_e2e :Samsung Note 8
2024-01-25 06:11:06,891 :INFO : test_e2e :Nokia Edge
2024-01-25 06:11:06,906 :INFO : test_e2e :Blackberry
2024-01-25 06:11:07,329 :INFO : test_e2e :Entering country name as ind
2024-01-25 06:11:12,877 :INFO : test_e2e :Text received from application is ×
Success! Thank you! Your order will be delivered in next few weeks :-).
2024-01-25 06:11:56,820 :INFO : test_formSubmission :first name is Rahul
2024-01-25 06:11:57,977 :INFO : test_formSubmission :first name is Anshika
2024-01-25 06:11:57,977 :INFO : test_formSubmission :first name is Anshika
2024-01-25 06:12:07,852 :INFO : test_e2e :getting all the card titles
2024-01-25 06:12:07,911 :INFO : test_e2e :iphone X
2024-01-25 06:12:07,928 :INFO : test_e2e :Samsung Note 8
2024-01-25 06:12:07,942 :INFO : test_e2e :Nokia Edge
2024-01-25 06:12:07,957 :INFO : test_e2e :Blackberry
2024-01-25 06:12:08,342 :INFO : test_e2e :Entering country name as ind
2024-01-25 06:12:13,987 :INFO : test_e2e :Text received from application is ×
Success! Thank you! Your order will be delivered in next few weeks :-).
2024-01-25 06:13:05,997 :INFO : test_formSubmission :first name is Rahul
2024-01-25 06:13:07,363 :INFO : test_formSubmission :first name is Anshika
2024-01-25 06:13:07,363 :INFO : test_formSubmission :first name is Anshika
2024-01-25 06:13:16,712 :INFO : test_e2e :getting all the card titles
2024-01-25 06:13:16,780 :INFO : test_e2e :iphone X
2024-01-25 06:13:16,799 :INFO : test_e2e :Samsung Note 8
2024-01-25 06:13:16,816 :INFO : test_e2e :Nokia Edge
2024-01-25 06:13:16,838 :INFO : test_e2e :Blackberry
2024-01-25 06:13:17,260 :INFO : test_e2e :Entering country name as ind
2024-01-25 06:13:22,931 :INFO : test_e2e :Text received from application is ×
Success! Thank you! Your order will be delivered in next few weeks :-).
2024-01-25 06:23:18,821 :INFO : test_formSubmission :first name is Rahul
2024-01-25 06:23:19,945 :INFO : test_formSubmission :first name is Anshika
2024-01-25 06:23:19,945 :INFO : test_formSubmission :first name is Anshika
2024-01-25 06:23:28,883 :INFO : test_e2e :getting all the card titles
2024-01-25 06:23:28,940 :INFO : test_e2e :iphone X
2024-01-25 06:23:28,961 :INFO : test_e2e :Samsung Note 8
2024-01-25 06:23:28,981 :INFO : test_e2e :Nokia Edge
2024-01-25 06:23:28,996 :INFO : test_e2e :Blackberry
2024-01-25 06:23:29,355 :INFO : test_e2e :Entering country name as ind
2024-01-25 06:23:34,907 :INFO : test_e2e :Text received from application is ×
Success! Thank you! Your order will be delivered in next few weeks :-).
2024-01-25 06:25:39,610 :INFO : test_formSubmission :first name is Rahul
2024-01-25 06:25:41,199 :INFO : test_formSubmission :first name is Anshika
2024-01-25 06:25:41,199 :INFO : test_formSubmission :first name is Anshika
2024-01-25 06:25:49,642 :INFO : test_e2e :getting all the card titles
2024-01-25 06:25:49,700 :INFO : test_e2e :iphone X
2024-01-25 06:25:49,718 :INFO : test_e2e :Samsung Note 8
2024-01-25 06:25:49,733 :INFO : test_e2e :Nokia Edge
2024-01-25 06:25:49,749 :INFO : test_e2e :Blackberry
2024-01-25 06:25:50,143 :INFO : test_e2e :Entering country name as ind
2024-01-25 06:25:55,870 :INFO : test_e2e :Text received from application is ×
Success! Thank you! Your order will be delivered in next few weeks :-).
2024-01-25 06:27:57,891 :INFO : test_formSubmission :first name is Rahul
2024-01-25 06:27:58,979 :INFO : test_formSubmission :first name is Anshika
2024-01-25 06:27:58,979 :INFO : test_formSubmission :first name is Anshika
2024-01-25 06:28:07,919 :INFO : test_e2e :getting all the card titles
2024-01-25 06:28:07,978 :INFO : test_e2e :iphone X
2024-01-25 06:28:07,994 :INFO : test_e2e :Samsung Note 8
2024-01-25 06:28:08,009 :INFO : test_e2e :Nokia Edge
2024-01-25 06:28:08,031 :INFO : test_e2e :Blackberry
2024-01-25 06:28:08,471 :INFO : test_e2e :Entering country name as ind
2024-01-25 06:28:14,056 :INFO : test_e2e :Text received from application is ×
Success! Thank you! Your order will be delivered in next few weeks :-).
2024-01-25 06:34:18,606 :INFO : test_e2e :getting all the card titles
2024-01-25 06:34:18,679 :INFO : test_e2e :iphone X
2024-01-25 06:34:18,697 :INFO : test_e2e :Samsung Note 8
2024-01-25 06:34:18,713 :INFO : test_e2e :Nokia Edge
2024-01-25 06:34:18,729 :INFO : test_e2e :Blackberry
2024-01-25 06:34:19,143 :INFO : test_e2e :Entering country name as ind
2024-01-25 06:34:24,658 :INFO : test_e2e :Text received from application is ×
Success! Thank you! Your order will be delivered in next few weeks :-).
2024-01-25 06:36:38,788 :INFO : test_formSubmission :first name is Rahul
2024-01-25 06:36:39,977 :INFO : test_formSubmission :first name is Anshika
2024-01-25 06:36:39,977 :INFO : test_formSubmission :first name is Anshika
2024-01-25 06:36:49,919 :INFO : test_e2e :getting all the card titles
2024-01-25 06:36:49,989 :INFO : test_e2e :iphone X
2024-01-25 06:36:50,008 :INFO : test_e2e :Samsung Note 8
2024-01-25 06:36:50,027 :INFO : test_e2e :Nokia Edge
2024-01-25 06:36:50,045 :INFO : test_e2e :Blackberry
2024-01-25 06:36:50,425 :INFO : test_e2e :Entering country name as ind
2024-01-25 06:36:55,972 :INFO : test_e2e :Text received from application is ×
Success! Thank you! Your order will be delivered in next few weeks :-).
2024-01-25 06:38:02,088 :INFO : test_formSubmission :first name is Rahul
2024-01-25 06:38:03,232 :INFO : test_formSubmission :first name is Anshika
2024-01-25 06:38:03,232 :INFO : test_formSubmission :first name is Anshika
2024-01-25 06:38:13,171 :INFO : test_e2e :getting all the card titles
2024-01-25 06:38:13,234 :INFO : test_e2e :iphone X
2024-01-25 06:38:13,251 :INFO : test_e2e :Samsung Note 8
2024-01-25 06:38:13,267 :INFO : test_e2e :Nokia Edge
2024-01-25 06:38:13,284 :INFO : test_e2e :Blackberry
2024-01-25 06:38:13,673 :INFO : test_e2e :Entering country name as ind
2024-01-25 06:38:19,197 :INFO : test_e2e :Text received from application is ×
Success! Thank you! Your order will be delivered in next few weeks :-).
2024-01-25 06:39:39,039 :INFO : test_formSubmission :first name is Rahul
2024-01-25 06:39:40,115 :INFO : test_formSubmission :first name is Anshika
2024-01-25 06:39:40,115 :INFO : test_formSubmission :first name is Anshika
2024-01-25 06:39:49,082 :INFO : test_e2e :getting all the card titles
2024-01-25 06:39:49,138 :INFO : test_e2e :iphone X
2024-01-25 06:39:49,154 :INFO : test_e2e :Samsung Note 8
2024-01-25 06:39:49,169 :INFO : test_e2e :Nokia Edge
2024-01-25 06:39:49,183 :INFO : test_e2e :Blackberry
2024-01-25 06:39:49,565 :INFO : test_e2e :Entering country name as ind
2024-01-25 06:39:55,067 :INFO : test_e2e :Text received from application is ×
Success! Thank you! Your order will be delivered in next few weeks :-).
2024-01-25 06:40:49,411 :INFO : test_formSubmission :first name is Rahul
2024-01-25 06:40:51,013 :INFO : test_formSubmission :first name is Anshika
2024-01-25 06:40:51,013 :INFO : test_formSubmission :first name is Anshika
2024-01-25 06:40:59,810 :INFO : test_e2e :getting all the card titles
2024-01-25 06:40:59,889 :INFO : test_e2e :iphone X
2024-01-25 06:40:59,908 :INFO : test_e2e :Samsung Note 8
2024-01-25 06:40:59,925 :INFO : test_e2e :Nokia Edge
2024-01-25 06:40:59,944 :INFO : test_e2e :Blackberry
2024-01-25 06:41:00,445 :INFO : test_e2e :Entering country name as ind
2024-01-25 06:41:06,114 :INFO : test_e2e :Text received from application is ×
Success! Thank you! Your order will be delivered in next few weeks :-).
2024-01-25 06:42:50,151 :INFO : test_formSubmission :first name is Rahul
2024-01-25 06:42:51,240 :INFO : test_formSubmission :first name is Anshika
2024-01-25 06:42:51,240 :INFO : test_formSubmission :first name is Anshika
2024-01-25 06:43:00,312 :INFO : test_e2e :getting all the card titles
2024-01-25 06:43:00,372 :INFO : test_e2e :iphone X
2024-01-25 06:43:00,388 :INFO : test_e2e :Samsung Note 8
2024-01-25 06:43:00,403 :INFO : test_e2e :Nokia Edge
2024-01-25 06:43:00,419 :INFO : test_e2e :Blackberry
2024-01-25 06:43:00,800 :INFO : test_e2e :Entering country name as ind
2024-01-25 06:43:06,402 :INFO : test_e2e :Text received from application is ×
Success! Thank you! Your order will be delivered in next few weeks :-).
2024-01-25 06:43:55,816 :INFO : test_formSubmission :first name is Rahul
2024-01-25 06:43:56,963 :INFO : test_formSubmission :first name is Anshika
2024-01-25 06:43:56,963 :INFO : test_formSubmission :first name is Anshika
2024-01-25 06:44:06,046 :INFO : test_e2e :getting all the card titles
2024-01-25 06:44:06,103 :INFO : test_e2e :iphone X
2024-01-25 06:44:06,120 :INFO : test_e2e :Samsung Note 8
2024-01-25 06:44:06,135 :INFO : test_e2e :Nokia Edge
2024-01-25 06:44:06,149 :INFO : test_e2e :Blackberry
2024-01-25 06:44:06,568 :INFO : test_e2e :Entering country name as ind
2024-01-25 06:44:12,096 :INFO : test_e2e :Text received from application is ×
Success! Thank you! Your order will be delivered in next few weeks :-).
2024-01-25 06:45:52,003 :INFO : test_formSubmission :first name is Rahul
2024-01-25 06:45:53,576 :INFO : test_formSubmission :first name is Anshika
2024-01-25 06:45:53,576 :INFO : test_formSubmission :first name is Anshika
2024-01-25 06:46:02,872 :INFO : test_e2e :getting all the card titles
2024-01-25 06:46:02,938 :INFO : test_e2e :iphone X
2024-01-25 06:46:02,954 :INFO : test_e2e :Samsung Note 8
2024-01-25 06:46:02,972 :INFO : test_e2e :Nokia Edge
2024-01-25 06:46:02,990 :INFO : test_e2e :Blackberry
2024-01-25 06:46:03,402 :INFO : test_e2e :Entering country name as ind
2024-01-25 06:46:09,175 :INFO : test_e2e :Text received from application is ×
Success! Thank you! Your order will be delivered in next few weeks :-).
2024-01-25 06:50:16,057 :INFO : test_formSubmission :first name is Rahul
2024-01-25 06:50:17,162 :INFO : test_formSubmission :first name is Anshika
2024-01-25 06:50:17,162 :INFO : test_formSubmission :first name is Anshika
2024-01-25 06:50:26,062 :INFO : test_e2e :getting all the card titles
2024-01-25 06:50:26,129 :INFO : test_e2e :iphone X
2024-01-25 06:50:26,147 :INFO : test_e2e :Samsung Note 8
2024-01-25 06:50:26,163 :INFO : test_e2e :Nokia Edge
2024-01-25 06:50:26,180 :INFO : test_e2e :Blackberry
2024-01-25 06:50:26,601 :INFO : test_e2e :Entering country name as ind
2024-01-25 06:50:32,223 :INFO : test_e2e :Text received from application is ×
Success! Thank you! Your order will be delivered in next few weeks :-).
2024-01-25 06:51:28,328 :INFO : test_formSubmission :first name is Rahul
2024-01-25 06:51:29,622 :INFO : test_formSubmission :first name is Anshika
2024-01-25 06:51:29,622 :INFO : test_formSubmission :first name is Anshika
2024-01-25 06:51:38,596 :INFO : test_e2e :getting all the card titles
2024-01-25 06:51:38,656 :INFO : test_e2e :iphone X
2024-01-25 06:51:38,675 :INFO : test_e2e :Samsung Note 8
2024-01-25 06:51:38,690 :INFO : test_e2e :Nokia Edge
2024-01-25 06:51:38,705 :INFO : test_e2e :Blackberry
2024-01-25 06:51:39,068 :INFO : test_e2e :Entering country name as ind
2024-01-25 06:51:44,820 :INFO : test_e2e :Text received from application is ×
Success! Thank you! Your order will be delivered in next few weeks :-).
2024-01-25 06:52:54,570 :INFO : test_formSubmission :first name is Rahul
2024-01-25 06:52:55,765 :INFO : test_formSubmission :first name is Anshika
2024-01-25 06:52:55,765 :INFO : test_formSubmission :first name is Anshika
2024-01-25 06:53:06,543 :INFO : test_e2e :getting all the card titles
2024-01-25 06:53:06,604 :INFO : test_e2e :iphone X
2024-01-25 06:53:06,620 :INFO : test_e2e :Samsung Note 8
2024-01-25 06:53:06,635 :INFO : test_e2e :Nokia Edge
2024-01-25 06:53:06,649 :INFO : test_e2e :Blackberry
2024-01-25 06:53:07,055 :INFO : test_e2e :Entering country name as ind
2024-01-25 06:53:12,638 :INFO : test_e2e :Text received from application is ×
Success! Thank you! Your order will be delivered in next few weeks :-).
2024-01-25 07:02:37,952 :INFO : test_formSubmission :first name is Rahul
2024-01-25 07:02:39,104 :INFO : test_formSubmission :first name is Anshika
2024-01-25 07:02:39,104 :INFO : test_formSubmission :first name is Anshika
2024-01-25 07:02:49,532 :INFO : test_e2e :getting all the card titles
2024-01-25 07:02:49,590 :INFO : test_e2e :iphone X
2024-01-25 07:02:49,607 :INFO : test_e2e :Samsung Note 8
2024-01-25 07:02:49,622 :INFO : test_e2e :Nokia Edge
2024-01-25 07:02:49,639 :INFO : test_e2e :Blackberry
2024-01-25 07:02:50,013 :INFO : test_e2e :Entering country name as ind
2024-01-25 07:02:55,563 :INFO : test_e2e :Text received from application is ×
Success! Thank you! Your order will be delivered in next few weeks :-).
2024-01-25 07:05:23,829 :INFO : test_formSubmission :first name is Rahul
2024-01-25 07:05:24,937 :INFO : test_formSubmission :first name is Anshika
2024-01-25 07:05:24,937 :INFO : test_formSubmission :first name is Anshika
2024-01-25 07:05:34,994 :INFO : test_e2e :getting all the card titles
2024-01-25 07:05:35,094 :INFO : test_e2e :iphone X
2024-01-25 07:05:35,140 :INFO : test_e2e :Samsung Note 8
2024-01-25 07:05:35,173 :INFO : test_e2e :Nokia Edge
2024-01-25 07:05:35,209 :INFO : test_e2e :Blackberry
2024-01-25 07:05:35,758 :INFO : test_e2e :Entering country name as ind
2024-01-25 07:05:41,299 :INFO : test_e2e :Text received from application is ×
Success! Thank you! Your order will be delivered in next few weeks :-).
2024-01-25 07:07:28,314 :INFO : test_formSubmission :first name is Rahul
2024-01-25 07:07:29,654 :INFO : test_formSubmission :first name is Anshika
2024-01-25 07:07:29,654 :INFO : test_formSubmission :first name is Anshika
2024-01-25 07:07:39,256 :INFO : test_e2e :getting all the card titles
2024-01-25 07:07:39,313 :INFO : test_e2e :iphone X
2024-01-25 07:07:39,330 :INFO : test_e2e :Samsung Note 8
2024-01-25 07:07:39,345 :INFO : test_e2e :Nokia Edge
2024-01-25 07:07:39,359 :INFO : test_e2e :Blackberry
2024-01-25 07:07:39,803 :INFO : test_e2e :Entering country name as ind
2024-01-25 07:07:45,404 :INFO : test_e2e :Text received from application is ×
Success! Thank you! Your order will be delivered in next few weeks :-).
2024-01-25 07:10:24,526 :INFO : test_formSubmission :first name is Rahul
2024-01-25 07:10:25,720 :INFO : test_formSubmission :first name is Anshika
2024-01-25 07:10:25,720 :INFO : test_formSubmission :first name is Anshika
2024-01-25 07:10:35,242 :INFO : test_e2e :getting all the card titles
2024-01-25 07:10:35,326 :INFO : test_e2e :iphone X
2024-01-25 07:10:35,342 :INFO : test_e2e :Samsung Note 8
2024-01-25 07:10:35,360 :INFO : test_e2e :Nokia Edge
2024-01-25 07:10:35,377 :INFO : test_e2e :Blackberry
2024-01-25 07:10:35,754 :INFO : test_e2e :Entering country name as ind
2024-01-25 07:10:41,928 :INFO : test_e2e :Text received from application is ×
Success! Thank you! Your order will be delivered in next few weeks :-).
2024-01-25 07:23:54,093 :INFO : test_formSubmission :first name is Rahul
2024-01-25 07:23:55,807 :INFO : test_formSubmission :first name is Anshika
2024-01-25 07:23:55,807 :INFO : test_formSubmission :first name is Anshika
2024-01-25 07:24:09,642 :INFO : test_e2e :getting all the card titles
2024-01-25 07:24:09,714 :INFO : test_e2e :iphone X
2024-01-25 07:24:09,730 :INFO : test_e2e :Samsung Note 8
2024-01-25 07:24:09,746 :INFO : test_e2e :Nokia Edge
2024-01-25 07:24:09,761 :INFO : test_e2e :Blackberry
2024-01-25 07:24:10,159 :INFO : test_e2e :Entering country name as ind
2024-01-25 07:24:16,103 :INFO : test_e2e :Text received from application is ×
Success! Thank you! Your order will be delivered in next few weeks :-).
2024-01-25 07:31:24,186 :INFO : test_formSubmission :first name is Rahul
2024-01-25 07:31:25,719 :INFO : test_formSubmission :first name is Anshika
2024-01-25 07:31:25,719 :INFO : test_formSubmission :first name is Anshika
2024-01-25 07:31:36,201 :INFO : test_e2e :getting all the card titles
2024-01-25 07:31:36,265 :INFO : test_e2e :iphone X
2024-01-25 07:31:36,282 :INFO : test_e2e :Samsung Note 8
2024-01-25 07:31:36,298 :INFO : test_e2e :Nokia Edge
2024-01-25 07:31:36,313 :INFO : test_e2e :Blackberry
2024-01-25 07:31:36,755 :INFO : test_e2e :Entering country name as ind
2024-01-25 07:31:42,403 :INFO : test_e2e :Text received from application is ×
Success! Thank you! Your order will be delivered in next few weeks :-).
2024-01-25 07:42:15,933 :INFO : test_formSubmission :first name is Rahul
2024-01-25 07:42:17,096 :INFO : test_formSubmission :first name is Anshika
2024-01-25 07:42:17,096 :INFO : test_formSubmission :first name is Anshika
2024-01-25 07:42:27,661 :INFO : test_e2e :getting all the card titles
2024-01-25 07:42:27,750 :INFO : test_e2e :iphone X
2024-01-25 07:42:27,774 :INFO : test_e2e :Samsung Note 8
2024-01-25 07:42:27,796 :INFO : test_e2e :Nokia Edge
2024-01-25 07:42:27,818 :INFO : test_e2e :Blackberry
2024-01-25 07:42:28,336 :INFO : test_e2e :Entering country name as ind
2024-01-25 07:42:33,860 :INFO : test_e2e :Text received from application is ×
Success! Thank you! Your order will be delivered in next few weeks :-).
2024-01-25 10:03:40,559 :INFO : test_formSubmission :first name is a
2024-01-25 10:04:13,104 :INFO : test_e2e :getting all the card titles
2024-01-25 10:04:13,571 :INFO : test_e2e :iphone X
2024-01-25 10:04:13,604 :INFO : test_e2e :Samsung Note 8
2024-01-25 10:04:13,625 :INFO : test_e2e :Nokia Edge
2024-01-25 10:04:13,648 :INFO : test_e2e :Blackberry
2024-01-25 10:04:14,178 :INFO : test_e2e :Entering country name as ind
2024-01-25 10:04:19,985 :INFO : test_e2e :Text received from application is ×
Success! Thank you! Your order will be delivered in next few weeks :-).
2024-01-26 05:53:46,326 :INFO : test_formSubmission :first name is a
2024-01-26 05:54:38,453 :INFO : test_e2e :getting all the card titles
2024-01-26 05:54:39,610 :INFO : test_e2e :iphone X
2024-01-26 05:54:39,625 :INFO : test_e2e :Samsung Note 8
2024-01-26 05:54:39,638 :INFO : test_e2e :Nokia Edge
2024-01-26 05:54:39,651 :INFO : test_e2e :Blackberry
2024-01-26 05:54:40,717 :INFO : test_e2e :Entering country name as ind
2024-01-26 05:54:46,540 :INFO : test_e2e :Text received from application is ×
Success! Thank you! Your order will be delivered in next few weeks :-).
2024-01-26 05:56:30,656 :INFO : test_formSubmission :first name is a
2024-01-26 05:56:49,631 :INFO : test_e2e :getting all the card titles
2024-01-26 05:56:49,825 :INFO : test_e2e :iphone X
2024-01-26 05:56:49,847 :INFO : test_e2e :Samsung Note 8
2024-01-26 05:56:49,871 :INFO : test_e2e :Nokia Edge
2024-01-26 05:56:49,888 :INFO : test_e2e :Blackberry
2024-01-26 05:56:50,587 :INFO : test_e2e :Entering country name as ind
2024-01-26 05:56:56,465 :INFO : test_e2e :Text received from application is ×
Success! Thank you! Your order will be delivered in next few weeks :-).
